#
# There is insufficient memory for the Java Runtime Environment to continue.
# Native memory allocation (malloc) failed to allocate 1107760 bytes for Chunk::new
# Possible reasons:
#   The system is out of physical RAM or swap space
#   The process is running with CompressedOops enabled, and the Java Heap may be blocking the growth of the native heap
# Possible solutions:
#   Reduce memory load on the system
#   Increase physical memory or swap space
#   Check if swap backing store is full
#   Decrease Java heap size (-Xmx/-Xms)
#   Decrease number of Java threads
#   Decrease Java thread stack sizes (-Xss)
#   Set larger code cache with -XX:ReservedCodeCacheSize=
#   JVM is running with Unscaled Compressed Oops mode in which the Java heap is
#     placed in the first 4GB address space. The Java Heap base address is the
#     maximum limit for the native heap growth. Please use -XX:HeapBaseMinAddress
#     to set the Java Heap base and to place the Java Heap above 4GB virtual address.
# This output file may be truncated or incomplete.
#
#  Out of Memory Error (arena.cpp:189), pid=15836, tid=16900
#
# JRE version: OpenJDK Runtime Environment Temurin-17.0.1+12 (17.0.1+12) (build 17.0.1+12)
# Java VM: OpenJDK 64-Bit Server VM Temurin-17.0.1+12 (17.0.1+12, mixed mode, tiered, compressed oops, compressed class ptrs, g1 gc, windows-amd64)
# No core dump will be written. Minidumps are not enabled by default on client versions of Windows
#

---------------  S U M M A R Y ------------

Command Line: -Dfile.encoding=UTF-8 -XX:+ShowCodeDetailsInExceptionMessages com.example.library_management.LibraryManagementApplication

Host: Intel(R) Core(TM) i5-8265U CPU @ 1.60GHz, 8 cores, 7G,  Windows 10 , 64 bit Build 19041 (10.0.19041.4717)
Time: Fri Nov 15 12:10:05 2024 India Standard Time elapsed time: 446.613169 seconds (0d 0h 7m 26s)

---------------  T H R E A D  ---------------

Current thread (0x0000019d4ac1a930):  JavaThread "C2 CompilerThread0" daemon [_thread_in_native, id=16900, stack(0x0000001563200000,0x0000001563300000)]


Current CompileTask:
C2: 446613 6730   !   4       org.springframework.util.ClassUtils::getMostSpecificMethod (83 bytes)

Stack: [0x0000001563200000,0x0000001563300000]
Native frames: (J=compiled Java code, j=interpreted, Vv=VM code, C=native code)
V  [jvm.dll+0x6744da]
V  [jvm.dll+0x82e144]
V  [jvm.dll+0x82f8ee]
V  [jvm.dll+0x82ff53]
V  [jvm.dll+0x245175]
V  [jvm.dll+0xab85b]
V  [jvm.dll+0xabdec]
V  [jvm.dll+0x362f07]
V  [jvm.dll+0x1bb698]
V  [jvm.dll+0x218189]
V  [jvm.dll+0x217451]
V  [jvm.dll+0x1a355d]
V  [jvm.dll+0x226e38]
V  [jvm.dll+0x224f7c]
V  [jvm.dll+0x7e3f5b]
V  [jvm.dll+0x7de51a]
V  [jvm.dll+0x673305]
C  [ucrtbase.dll+0x21bb2]
C  [KERNEL32.DLL+0x17374]
C  [ntdll.dll+0x4cc91]


---------------  P R O C E S S  ---------------

Threads class SMR info:
_java_thread_list=0x0000019d50e0a320, length=31, elements={
0x0000019d4a2895d0, 0x0000019d4a28a930, 0x0000019d4a2d2020, 0x0000019d4a2d3500,
0x0000019d4a2d6180, 0x0000019d4ac19cc0, 0x0000019d4ac1a930, 0x0000019d4ac1c790,
0x0000019d4ac27530, 0x0000019d4ad865c0, 0x0000019d4ad8b5c0, 0x0000019d4c84fcd0,
0x0000019d4c84e4c0, 0x0000019d4c84dff0, 0x0000019d4c8501a0, 0x0000019d4c84c7e0,
0x0000019d4c84e990, 0x0000019d4c84ee60, 0x0000019d4c84f330, 0x0000019d4c84d180,
0x0000019d50eb3c40, 0x0000019d50eb32a0, 0x0000019d50eafdb0, 0x0000019d50eb0280,
0x0000019d50eb1f60, 0x0000019d50eb4110, 0x0000019d50eb1a90, 0x0000019d50eb15c0,
0x0000019d50eb2dd0, 0x0000019d50eb45e0, 0x0000019d50eb5920
}

Java Threads: ( => current thread )
  0x0000019d4a2895d0 JavaThread "Reference Handler" daemon [_thread_blocked, id=11408, stack(0x0000001562c00000,0x0000001562d00000)]
  0x0000019d4a28a930 JavaThread "Finalizer" daemon [_thread_blocked, id=11628, stack(0x0000001562d00000,0x0000001562e00000)]
  0x0000019d4a2d2020 JavaThread "Signal Dispatcher" daemon [_thread_blocked, id=9176, stack(0x0000001562e00000,0x0000001562f00000)]
  0x0000019d4a2d3500 JavaThread "Attach Listener" daemon [_thread_blocked, id=5396, stack(0x0000001562f00000,0x0000001563000000)]
  0x0000019d4a2d6180 JavaThread "Service Thread" daemon [_thread_blocked, id=16368, stack(0x0000001563000000,0x0000001563100000)]
  0x0000019d4ac19cc0 JavaThread "Monitor Deflation Thread" daemon [_thread_blocked, id=8612, stack(0x0000001563100000,0x0000001563200000)]
=>0x0000019d4ac1a930 JavaThread "C2 CompilerThread0" daemon [_thread_in_native, id=16900, stack(0x0000001563200000,0x0000001563300000)]
  0x0000019d4ac1c790 JavaThread "C1 CompilerThread0" daemon [_thread_blocked, id=16832, stack(0x0000001563300000,0x0000001563400000)]
  0x0000019d4ac27530 JavaThread "Sweeper thread" daemon [_thread_blocked, id=14228, stack(0x0000001563400000,0x0000001563500000)]
  0x0000019d4ad865c0 JavaThread "Notification Thread" daemon [_thread_blocked, id=17764, stack(0x0000001563500000,0x0000001563600000)]
  0x0000019d4ad8b5c0 JavaThread "Common-Cleaner" daemon [_thread_blocked, id=15212, stack(0x0000001563700000,0x0000001563800000)]
  0x0000019d4c84fcd0 JavaThread "Catalina-utility-1" [_thread_blocked, id=17300, stack(0x0000001564400000,0x0000001564500000)]
  0x0000019d4c84e4c0 JavaThread "Catalina-utility-2" [_thread_blocked, id=1432, stack(0x0000001564500000,0x0000001564600000)]
  0x0000019d4c84dff0 JavaThread "container-0" [_thread_blocked, id=5636, stack(0x0000001564600000,0x0000001564700000)]
  0x0000019d4c8501a0 JavaThread "mysql-cj-abandoned-connection-cleanup" daemon [_thread_blocked, id=17748, stack(0x0000001564700000,0x0000001564800000)]
  0x0000019d4c84c7e0 JavaThread "HikariPool-1 housekeeper" daemon [_thread_blocked, id=12696, stack(0x0000001564900000,0x0000001564a00000)]
  0x0000019d4c84e990 JavaThread "File Watcher" daemon [_thread_blocked, id=15164, stack(0x0000001564a00000,0x0000001564b00000)]
  0x0000019d4c84ee60 JavaThread "Live Reload Server" daemon [_thread_in_native, id=13184, stack(0x0000001564c00000,0x0000001564d00000)]
  0x0000019d4c84f330 JavaThread "http-nio-8083-exec-1" daemon [_thread_blocked, id=14264, stack(0x0000001564b00000,0x0000001564c00000)]
  0x0000019d4c84d180 JavaThread "http-nio-8083-exec-2" daemon [_thread_blocked, id=6724, stack(0x0000001564d00000,0x0000001564e00000)]
  0x0000019d50eb3c40 JavaThread "http-nio-8083-exec-3" daemon [_thread_blocked, id=13020, stack(0x0000001564e00000,0x0000001564f00000)]
  0x0000019d50eb32a0 JavaThread "http-nio-8083-exec-4" daemon [_thread_blocked, id=11076, stack(0x0000001564f00000,0x0000001565000000)]
  0x0000019d50eafdb0 JavaThread "http-nio-8083-exec-5" daemon [_thread_blocked, id=16460, stack(0x0000001565000000,0x0000001565100000)]
  0x0000019d50eb0280 JavaThread "http-nio-8083-exec-6" daemon [_thread_blocked, id=12904, stack(0x0000001565100000,0x0000001565200000)]
  0x0000019d50eb1f60 JavaThread "http-nio-8083-exec-7" daemon [_thread_blocked, id=4892, stack(0x0000001565200000,0x0000001565300000)]
  0x0000019d50eb4110 JavaThread "http-nio-8083-exec-8" daemon [_thread_in_native, id=12876, stack(0x0000001565300000,0x0000001565400000)]
  0x0000019d50eb1a90 JavaThread "http-nio-8083-exec-9" daemon [_thread_blocked, id=9504, stack(0x0000001565400000,0x0000001565500000)]
  0x0000019d50eb15c0 JavaThread "http-nio-8083-exec-10" daemon [_thread_blocked, id=13376, stack(0x0000001565500000,0x0000001565600000)]
  0x0000019d50eb2dd0 JavaThread "http-nio-8083-Poller" daemon [_thread_in_native, id=18064, stack(0x0000001565600000,0x0000001565700000)]
  0x0000019d50eb45e0 JavaThread "http-nio-8083-Acceptor" daemon [_thread_in_native, id=7432, stack(0x0000001565700000,0x0000001565800000)]
  0x0000019d50eb5920 JavaThread "DestroyJavaVM" [_thread_blocked, id=16204, stack(0x0000001562500000,0x0000001562600000)]

Other Threads:
  0x0000019d4a2a7650 VMThread "VM Thread" [stack: 0x0000001562b00000,0x0000001562c00000] [id=15076]
  0x0000019d2fbfee50 WatcherThread [stack: 0x0000001563600000,0x0000001563700000] [id=2924]
  0x0000019d2fbe4f60 GCTaskThread "GC Thread#0" [stack: 0x0000001562600000,0x0000001562700000] [id=12100]
  0x0000019d4b9f4400 GCTaskThread "GC Thread#1" [stack: 0x0000001563900000,0x0000001563a00000] [id=2216]
  0x0000019d4babf050 GCTaskThread "GC Thread#2" [stack: 0x0000001563a00000,0x0000001563b00000] [id=15952]
  0x0000019d4bae4ef0 GCTaskThread "GC Thread#3" [stack: 0x0000001563b00000,0x0000001563c00000] [id=6188]
  0x0000019d4bbb4710 GCTaskThread "GC Thread#4" [stack: 0x0000001563c00000,0x0000001563d00000] [id=11556]
  0x0000019d4bf92ce0 GCTaskThread "GC Thread#5" [stack: 0x0000001564000000,0x0000001564100000] [id=16040]
  0x0000019d4bf8b460 GCTaskThread "GC Thread#6" [stack: 0x0000001564100000,0x0000001564200000] [id=14332]
  0x0000019d4be6fbf0 GCTaskThread "GC Thread#7" [stack: 0x0000001564200000,0x0000001564300000] [id=7276]
  0x0000019d2fbf59e0 ConcurrentGCThread "G1 Main Marker" [stack: 0x0000001562700000,0x0000001562800000] [id=13604]
  0x0000019d2fbf6b90 ConcurrentGCThread "G1 Conc#0" [stack: 0x0000001562800000,0x0000001562900000] [id=9908]
  0x0000019d4c1980c0 ConcurrentGCThread "G1 Conc#1" [stack: 0x0000001564300000,0x0000001564400000] [id=10656]
  0x0000019d4a1000a0 ConcurrentGCThread "G1 Refine#0" [stack: 0x0000001562900000,0x0000001562a00000] [id=12252]
  0x0000019d4a1004e0 ConcurrentGCThread "G1 Service" [stack: 0x0000001562a00000,0x0000001562b00000] [id=9716]

Threads with active compile tasks:
C2 CompilerThread0   447477 6730   !   4       org.springframework.util.ClassUtils::getMostSpecificMethod (83 bytes)

VM state: not at safepoint (normal execution)

VM Mutex/Monitor currently owned by a thread: None

Heap address: 0x0000000082600000, size: 2010 MB, Compressed Oops mode: 32-bit

CDS archive(s) not mapped
Compressed class space mapped at: 0x0000000100000000-0x0000000140000000, reserved size: 1073741824
Narrow klass base: 0x0000000000000000, Narrow klass shift: 3, Narrow klass range: 0x140000000

GC Precious Log:
 CPUs: 8 total, 8 available
 Memory: 8038M
 Large Page Support: Disabled
 NUMA Support: Disabled
 Compressed Oops: Enabled (32-bit)
 Heap Region Size: 1M
 Heap Min Capacity: 8M
 Heap Initial Capacity: 126M
 Heap Max Capacity: 2010M
 Pre-touch: Disabled
 Parallel Workers: 8
 Concurrent Workers: 2
 Concurrent Refinement Workers: 8
 Periodic GC: Disabled

Heap:
 garbage-first heap   total 81920K, used 30213K [0x0000000082600000, 0x0000000100000000)
  region size 1024K, 3 young (3072K), 2 survivors (2048K)
 Metaspace       used 81891K, committed 82432K, reserved 1122304K
  class space    used 10582K, committed 10880K, reserved 1048576K

Heap Regions: E=young(eden), S=young(survivor), O=old, HS=humongous(starts), HC=humongous(continues), CS=collection set, F=free, OA=open archive, CA=closed archive, TAMS=top-at-mark-start (previous, next)
|   0|0x0000000082600000, 0x0000000082700000, 0x0000000082700000|100%|HS|  |TAMS 0x0000000082700000, 0x0000000082600000| Complete 
|   1|0x0000000082700000, 0x0000000082800000, 0x0000000082800000|100%| O|  |TAMS 0x0000000082800000, 0x0000000082700000| Untracked 
|   2|0x0000000082800000, 0x0000000082900000, 0x0000000082900000|100%| O|  |TAMS 0x0000000082900000, 0x0000000082800000| Untracked 
|   3|0x0000000082900000, 0x0000000082a00000, 0x0000000082a00000|100%| O|  |TAMS 0x0000000082a00000, 0x0000000082900000| Untracked 
|   4|0x0000000082a00000, 0x0000000082b00000, 0x0000000082b00000|100%| O|  |TAMS 0x0000000082b00000, 0x0000000082a00000| Untracked 
|   5|0x0000000082b00000, 0x0000000082c00000, 0x0000000082c00000|100%| O|  |TAMS 0x0000000082c00000, 0x0000000082b00000| Untracked 
|   6|0x0000000082c00000, 0x0000000082d00000, 0x0000000082d00000|100%| O|  |TAMS 0x0000000082d00000, 0x0000000082c00000| Untracked 
|   7|0x0000000082d00000, 0x0000000082e00000, 0x0000000082e00000|100%| O|  |TAMS 0x0000000082e00000, 0x0000000082d00000| Untracked 
|   8|0x0000000082e00000, 0x0000000082f00000, 0x0000000082f00000|100%| O|  |TAMS 0x0000000082f00000, 0x0000000082e00000| Untracked 
|   9|0x0000000082f00000, 0x0000000083000000, 0x0000000083000000|100%| O|  |TAMS 0x0000000083000000, 0x0000000082f00000| Untracked 
|  10|0x0000000083000000, 0x0000000083100000, 0x0000000083100000|100%| O|  |TAMS 0x0000000083100000, 0x0000000083000000| Untracked 
|  11|0x0000000083100000, 0x0000000083200000, 0x0000000083200000|100%| O|  |TAMS 0x0000000083200000, 0x0000000083100000| Untracked 
|  12|0x0000000083200000, 0x0000000083300000, 0x0000000083300000|100%| O|  |TAMS 0x0000000083300000, 0x0000000083200000| Untracked 
|  13|0x0000000083300000, 0x0000000083400000, 0x0000000083400000|100%| O|  |TAMS 0x0000000083400000, 0x0000000083300000| Untracked 
|  14|0x0000000083400000, 0x00000000834c9800, 0x0000000083500000| 78%| O|  |TAMS 0x00000000834c9800, 0x0000000083400000| Untracked 
|  15|0x0000000083500000, 0x0000000083600000, 0x0000000083600000|100%| O|  |TAMS 0x0000000083500000, 0x0000000083500000| Untracked 
|  16|0x0000000083600000, 0x0000000083700000, 0x0000000083700000|100%| O|  |TAMS 0x0000000083600000, 0x0000000083600000| Untracked 
|  17|0x0000000083700000, 0x0000000083800000, 0x0000000083800000|100%| O|  |TAMS 0x0000000083700000, 0x0000000083700000| Untracked 
|  18|0x0000000083800000, 0x0000000083900000, 0x0000000083900000|100%| O|  |TAMS 0x0000000083800000, 0x0000000083800000| Untracked 
|  19|0x0000000083900000, 0x0000000083a00000, 0x0000000083a00000|100%| O|  |TAMS 0x0000000083900000, 0x0000000083900000| Untracked 
|  20|0x0000000083a00000, 0x0000000083b00000, 0x0000000083b00000|100%| O|  |TAMS 0x0000000083a00000, 0x0000000083a00000| Untracked 
|  21|0x0000000083b00000, 0x0000000083c00000, 0x0000000083c00000|100%| O|  |TAMS 0x0000000083b00000, 0x0000000083b00000| Untracked 
|  22|0x0000000083c00000, 0x0000000083d00000, 0x0000000083d00000|100%| O|  |TAMS 0x0000000083c00000, 0x0000000083c00000| Untracked 
|  23|0x0000000083d00000, 0x0000000083e00000, 0x0000000083e00000|100%| O|  |TAMS 0x0000000083d00000, 0x0000000083d00000| Untracked 
|  24|0x0000000083e00000, 0x0000000083f00000, 0x0000000083f00000|100%| O|  |TAMS 0x0000000083e00000, 0x0000000083e00000| Untracked 
|  25|0x0000000083f00000, 0x0000000084000000, 0x0000000084000000|100%| O|  |TAMS 0x0000000083f00000, 0x0000000083f00000| Untracked 
|  26|0x0000000084000000, 0x0000000084100000, 0x0000000084100000|100%| O|  |TAMS 0x0000000084000000, 0x0000000084000000| Untracked 
|  27|0x0000000084100000, 0x00000000841f8c00, 0x0000000084200000| 97%| O|  |TAMS 0x0000000084100000, 0x0000000084100000| Untracked 
|  28|0x0000000084200000, 0x0000000084200000, 0x0000000084300000|  0%| F|  |TAMS 0x0000000084200000, 0x0000000084200000| Untracked 
|  29|0x0000000084300000, 0x0000000084300000, 0x0000000084400000|  0%| F|  |TAMS 0x0000000084300000, 0x0000000084300000| Untracked 
|  30|0x0000000084400000, 0x0000000084400000, 0x0000000084500000|  0%| F|  |TAMS 0x0000000084400000, 0x0000000084400000| Untracked 
|  31|0x0000000084500000, 0x0000000084500000, 0x0000000084600000|  0%| F|  |TAMS 0x0000000084500000, 0x0000000084500000| Untracked 
|  32|0x0000000084600000, 0x0000000084600000, 0x0000000084700000|  0%| F|  |TAMS 0x0000000084600000, 0x0000000084600000| Untracked 
|  33|0x0000000084700000, 0x0000000084700000, 0x0000000084800000|  0%| F|  |TAMS 0x0000000084700000, 0x0000000084700000| Untracked 
|  34|0x0000000084800000, 0x0000000084800000, 0x0000000084900000|  0%| F|  |TAMS 0x0000000084800000, 0x0000000084800000| Untracked 
|  35|0x0000000084900000, 0x0000000084900000, 0x0000000084a00000|  0%| F|  |TAMS 0x0000000084900000, 0x0000000084900000| Untracked 
|  36|0x0000000084a00000, 0x0000000084a00000, 0x0000000084b00000|  0%| F|  |TAMS 0x0000000084a00000, 0x0000000084a00000| Untracked 
|  37|0x0000000084b00000, 0x0000000084b00000, 0x0000000084c00000|  0%| F|  |TAMS 0x0000000084b00000, 0x0000000084b00000| Untracked 
|  38|0x0000000084c00000, 0x0000000084c00000, 0x0000000084d00000|  0%| F|  |TAMS 0x0000000084c00000, 0x0000000084c00000| Untracked 
|  39|0x0000000084d00000, 0x0000000084d00000, 0x0000000084e00000|  0%| F|  |TAMS 0x0000000084d00000, 0x0000000084d00000| Untracked 
|  40|0x0000000084e00000, 0x0000000084e00000, 0x0000000084f00000|  0%| F|  |TAMS 0x0000000084e00000, 0x0000000084e00000| Untracked 
|  41|0x0000000084f00000, 0x0000000084f00000, 0x0000000085000000|  0%| F|  |TAMS 0x0000000084f00000, 0x0000000084f00000| Untracked 
|  42|0x0000000085000000, 0x00000000850bf370, 0x0000000085100000| 74%| S|CS|TAMS 0x0000000085000000, 0x0000000085000000| Complete 
|  43|0x0000000085100000, 0x0000000085200000, 0x0000000085200000|100%| S|CS|TAMS 0x0000000085100000, 0x0000000085100000| Complete 
|  44|0x0000000085200000, 0x0000000085200000, 0x0000000085300000|  0%| F|  |TAMS 0x0000000085200000, 0x0000000085200000| Untracked 
|  45|0x0000000085300000, 0x0000000085300000, 0x0000000085400000|  0%| F|  |TAMS 0x0000000085300000, 0x0000000085300000| Untracked 
|  46|0x0000000085400000, 0x0000000085400000, 0x0000000085500000|  0%| F|  |TAMS 0x0000000085400000, 0x0000000085400000| Untracked 
|  47|0x0000000085500000, 0x0000000085500000, 0x0000000085600000|  0%| F|  |TAMS 0x0000000085500000, 0x0000000085500000| Untracked 
|  48|0x0000000085600000, 0x0000000085600000, 0x0000000085700000|  0%| F|  |TAMS 0x0000000085600000, 0x0000000085600000| Untracked 
|  49|0x0000000085700000, 0x0000000085700000, 0x0000000085800000|  0%| F|  |TAMS 0x0000000085700000, 0x0000000085700000| Untracked 
|  50|0x0000000085800000, 0x0000000085800000, 0x0000000085900000|  0%| F|  |TAMS 0x0000000085800000, 0x0000000085800000| Untracked 
|  51|0x0000000085900000, 0x0000000085900000, 0x0000000085a00000|  0%| F|  |TAMS 0x0000000085900000, 0x0000000085900000| Untracked 
|  52|0x0000000085a00000, 0x0000000085a00000, 0x0000000085b00000|  0%| F|  |TAMS 0x0000000085a00000, 0x0000000085a00000| Untracked 
|  53|0x0000000085b00000, 0x0000000085b00000, 0x0000000085c00000|  0%| F|  |TAMS 0x0000000085b00000, 0x0000000085b00000| Untracked 
|  54|0x0000000085c00000, 0x0000000085c00000, 0x0000000085d00000|  0%| F|  |TAMS 0x0000000085c00000, 0x0000000085c00000| Untracked 
|  55|0x0000000085d00000, 0x0000000085d00000, 0x0000000085e00000|  0%| F|  |TAMS 0x0000000085d00000, 0x0000000085d00000| Untracked 
|  56|0x0000000085e00000, 0x0000000085e00000, 0x0000000085f00000|  0%| F|  |TAMS 0x0000000085e00000, 0x0000000085e00000| Untracked 
|  57|0x0000000085f00000, 0x0000000085f00000, 0x0000000086000000|  0%| F|  |TAMS 0x0000000085f00000, 0x0000000085f00000| Untracked 
|  58|0x0000000086000000, 0x0000000086000000, 0x0000000086100000|  0%| F|  |TAMS 0x0000000086000000, 0x0000000086000000| Untracked 
|  59|0x0000000086100000, 0x0000000086100000, 0x0000000086200000|  0%| F|  |TAMS 0x0000000086100000, 0x0000000086100000| Untracked 
|  60|0x0000000086200000, 0x0000000086200000, 0x0000000086300000|  0%| F|  |TAMS 0x0000000086200000, 0x0000000086200000| Untracked 
|  61|0x0000000086300000, 0x0000000086300000, 0x0000000086400000|  0%| F|  |TAMS 0x0000000086300000, 0x0000000086300000| Untracked 
|  62|0x0000000086400000, 0x0000000086400000, 0x0000000086500000|  0%| F|  |TAMS 0x0000000086400000, 0x0000000086400000| Untracked 
|  63|0x0000000086500000, 0x0000000086500000, 0x0000000086600000|  0%| F|  |TAMS 0x0000000086500000, 0x0000000086500000| Untracked 
|  64|0x0000000086600000, 0x0000000086600000, 0x0000000086700000|  0%| F|  |TAMS 0x0000000086600000, 0x0000000086600000| Untracked 
|  65|0x0000000086700000, 0x0000000086700000, 0x0000000086800000|  0%| F|  |TAMS 0x0000000086700000, 0x0000000086700000| Untracked 
|  66|0x0000000086800000, 0x0000000086800000, 0x0000000086900000|  0%| F|  |TAMS 0x0000000086800000, 0x0000000086800000| Untracked 
|  67|0x0000000086900000, 0x0000000086900000, 0x0000000086a00000|  0%| F|  |TAMS 0x0000000086900000, 0x0000000086900000| Untracked 
|  68|0x0000000086a00000, 0x0000000086a00000, 0x0000000086b00000|  0%| F|  |TAMS 0x0000000086a00000, 0x0000000086a00000| Untracked 
|  69|0x0000000086b00000, 0x0000000086b00000, 0x0000000086c00000|  0%| F|  |TAMS 0x0000000086b00000, 0x0000000086b00000| Untracked 
|  70|0x0000000086c00000, 0x0000000086c00000, 0x0000000086d00000|  0%| F|  |TAMS 0x0000000086c00000, 0x0000000086c00000| Untracked 
|  73|0x0000000086f00000, 0x0000000086f00000, 0x0000000087000000|  0%| F|  |TAMS 0x0000000086f00000, 0x0000000086f00000| Untracked 
|  74|0x0000000087000000, 0x0000000087000000, 0x0000000087100000|  0%| F|  |TAMS 0x0000000087000000, 0x0000000087000000| Untracked 
|  75|0x0000000087100000, 0x0000000087100000, 0x0000000087200000|  0%| F|  |TAMS 0x0000000087100000, 0x0000000087100000| Untracked 
|  76|0x0000000087200000, 0x0000000087200000, 0x0000000087300000|  0%| F|  |TAMS 0x0000000087200000, 0x0000000087200000| Untracked 
|  77|0x0000000087300000, 0x0000000087300000, 0x0000000087400000|  0%| F|  |TAMS 0x0000000087300000, 0x0000000087300000| Untracked 
|  78|0x0000000087400000, 0x0000000087400000, 0x0000000087500000|  0%| F|  |TAMS 0x0000000087400000, 0x0000000087400000| Untracked 
|  79|0x0000000087500000, 0x0000000087500000, 0x0000000087600000|  0%| F|  |TAMS 0x0000000087500000, 0x0000000087500000| Untracked 
|  80|0x0000000087600000, 0x0000000087638548, 0x0000000087700000| 22%| E|  |TAMS 0x0000000087600000, 0x0000000087600000| Complete 
| 169|0x000000008cf00000, 0x000000008d000000, 0x000000008d000000|100%| E|CS|TAMS 0x000000008cf00000, 0x000000008cf00000| Complete 

Card table byte_map: [0x0000019d43190000,0x0000019d43580000] _byte_map_base: 0x0000019d42d7d000

Marking Bits (Prev, Next): (CMBitMap*) 0x0000019d2fbe55b0, (CMBitMap*) 0x0000019d2fbe5570
 Prev Bits: [0x0000019d458e0000, 0x0000019d47848000)
 Next Bits: [0x0000019d43970000, 0x0000019d458d8000)

Polling page: 0x0000019d2e1e0000

Metaspace:

Usage:
  Non-class:     69.73 MB used.
      Class:     10.35 MB used.
       Both:     80.08 MB used.

Virtual space:
  Non-class space:       72.00 MB reserved,      70.00 MB ( 97%) committed,  9 nodes.
      Class space:        1.00 GB reserved,      10.62 MB (  1%) committed,  1 nodes.
             Both:        1.07 GB reserved,      80.62 MB (  7%) committed. 

Chunk freelists:
   Non-Class:  1.27 MB
       Class:  1.22 MB
        Both:  2.48 MB

MaxMetaspaceSize: unlimited
CompressedClassSpaceSize: 1.00 GB
Initial GC threshold: 21.00 MB
Current GC threshold: 98.56 MB
CDS: off
MetaspaceReclaimPolicy: balanced
 - commit_granule_bytes: 65536.
 - commit_granule_words: 8192.
 - virtual_space_node_default_size: 1048576.
 - enlarge_chunks_in_place: 1.
 - new_chunks_are_fully_committed: 0.
 - uncommit_free_chunks: 1.
 - use_allocation_guard: 0.
 - handle_deallocations: 1.


Internal statistics:

num_allocs_failed_limit: 9.
num_arena_births: 796.
num_arena_deaths: 0.
num_vsnodes_births: 10.
num_vsnodes_deaths: 0.
num_space_committed: 1290.
num_space_uncommitted: 0.
num_chunks_returned_to_freelist: 9.
num_chunks_taken_from_freelist: 3358.
num_chunk_merges: 9.
num_chunk_splits: 2443.
num_chunks_enlarged: 1931.
num_purges: 0.
num_inconsistent_stats: 0.

CodeHeap 'non-profiled nmethods': size=120000Kb used=4041Kb max_used=4041Kb free=115958Kb
 bounds [0x0000019d3ae00000, 0x0000019d3b200000, 0x0000019d42330000]
CodeHeap 'profiled nmethods': size=120000Kb used=11704Kb max_used=11704Kb free=108296Kb
 bounds [0x0000019d338d0000, 0x0000019d34450000, 0x0000019d3ae00000]
CodeHeap 'non-nmethods': size=5760Kb used=1375Kb max_used=1440Kb free=4384Kb
 bounds [0x0000019d33330000, 0x0000019d335a0000, 0x0000019d338d0000]
 total_blobs=6632 nmethods=5916 adapters=628
 compilation: enabled
              stopped_count=0, restarted_count=0
 full_count=0

Compilation events (20 events):
Event: 433.219 Thread 0x0000019d4ac1c790 nmethod 6725 0x0000019d3442da10 code [0x0000019d3442dba0, 0x0000019d3442dd98]
Event: 436.108 Thread 0x0000019d4ac1a930 6726       4       java.util.concurrent.locks.AbstractQueuedSynchronizer$Node::setStatusRelaxed (12 bytes)
Event: 436.108 Thread 0x0000019d4ac1a930 nmethod 6726 0x0000019d3b1f0e10 code [0x0000019d3b1f0f80, 0x0000019d3b1f0ff8]
Event: 438.525 Thread 0x0000019d4ac1c790 6727       1       org.apache.catalina.core.ContainerBase::getBackgroundProcessorDelay (5 bytes)
Event: 438.525 Thread 0x0000019d4ac1c790 nmethod 6727 0x0000019d3b1f1110 code [0x0000019d3b1f12a0, 0x0000019d3b1f1378]
Event: 438.525 Thread 0x0000019d4ac1c790 6728       3       org.apache.catalina.valves.ValveBase::backgroundProcess (1 bytes)
Event: 438.526 Thread 0x0000019d4ac1c790 nmethod 6728 0x0000019d3442de90 code [0x0000019d3442e020, 0x0000019d3442e138]
Event: 446.278 Thread 0x0000019d4ac1c790 6729       1       org.springframework.web.util.pattern.PathPattern::getScore (5 bytes)
Event: 446.278 Thread 0x0000019d4ac1c790 nmethod 6729 0x0000019d3b1f1410 code [0x0000019d3b1f15a0, 0x0000019d3b1f1678]
Event: 446.279 Thread 0x0000019d4ac1a930 6730   !   4       org.springframework.util.ClassUtils::getMostSpecificMethod (83 bytes)
Event: 446.279 Thread 0x0000019d4ac1c790 6731       1       java.nio.charset.CharsetDecoder::charset (5 bytes)
Event: 446.280 Thread 0x0000019d4ac1c790 nmethod 6731 0x0000019d3b1f1710 code [0x0000019d3b1f18a0, 0x0000019d3b1f1978]
Event: 446.280 Thread 0x0000019d4ac1c790 6732       3       com.fasterxml.jackson.databind.util.internal.PrivateMaxEntriesMap::drainReadBuffer (104 bytes)
Event: 446.285 Thread 0x0000019d4ac1c790 nmethod 6732 0x0000019d3442e210 code [0x0000019d3442e6c0, 0x0000019d34430a98]
Event: 446.285 Thread 0x0000019d4ac1c790 6734       3       com.fasterxml.jackson.databind.util.internal.PrivateMaxEntriesMap$Node::setNext (9 bytes)
Event: 446.285 Thread 0x0000019d4ac1c790 nmethod 6734 0x0000019d34431910 code [0x0000019d34431ac0, 0x0000019d34431d18]
Event: 446.285 Thread 0x0000019d4ac1c790 6735       3       com.fasterxml.jackson.databind.util.internal.PrivateMaxEntriesMap$Node::setPrevious (9 bytes)
Event: 446.286 Thread 0x0000019d4ac1c790 nmethod 6735 0x0000019d34431e10 code [0x0000019d34431fc0, 0x0000019d34432218]
Event: 446.286 Thread 0x0000019d4ac1c790 6736       1       com.fasterxml.jackson.databind.JavaType::hashCode (5 bytes)
Event: 446.286 Thread 0x0000019d4ac1c790 nmethod 6736 0x0000019d3b1f1a10 code [0x0000019d3b1f1ba0, 0x0000019d3b1f1c78]

GC Heap History (20 events):
Event: 3.127 GC heap before
{Heap before GC invocations=10 (full 0):
 garbage-first heap   total 76800K, used 55503K [0x0000000082600000, 0x0000000100000000)
  region size 1024K, 45 young (46080K), 1 survivors (1024K)
 Metaspace       used 26099K, committed 26368K, reserved 1073152K
  class space    used 2925K, committed 3072K, reserved 1048576K
}
Event: 3.129 GC heap after
{Heap after GC invocations=11 (full 0):
 garbage-first heap   total 76800K, used 11539K [0x0000000082600000, 0x0000000100000000)
  region size 1024K, 1 young (1024K), 1 survivors (1024K)
 Metaspace       used 26099K, committed 26368K, reserved 1073152K
  class space    used 2925K, committed 3072K, reserved 1048576K
}
Event: 4.971 GC heap before
{Heap before GC invocations=11 (full 0):
 garbage-first heap   total 76800K, used 56595K [0x0000000082600000, 0x0000000100000000)
  region size 1024K, 45 young (46080K), 1 survivors (1024K)
 Metaspace       used 32005K, committed 32384K, reserved 1081344K
  class space    used 3691K, committed 3840K, reserved 1048576K
}
Event: 4.975 GC heap after
{Heap after GC invocations=12 (full 0):
 garbage-first heap   total 76800K, used 15164K [0x0000000082600000, 0x0000000100000000)
  region size 1024K, 4 young (4096K), 4 survivors (4096K)
 Metaspace       used 32005K, committed 32384K, reserved 1081344K
  class space    used 3691K, committed 3840K, reserved 1048576K
}
Event: 6.752 GC heap before
{Heap before GC invocations=12 (full 0):
 garbage-first heap   total 76800K, used 32572K [0x0000000082600000, 0x0000000100000000)
  region size 1024K, 22 young (22528K), 4 survivors (4096K)
 Metaspace       used 35680K, committed 36096K, reserved 1081344K
  class space    used 4210K, committed 4352K, reserved 1048576K
}
Event: 6.758 GC heap after
{Heap after GC invocations=13 (full 0):
 garbage-first heap   total 76800K, used 17282K [0x0000000082600000, 0x0000000100000000)
  region size 1024K, 3 young (3072K), 3 survivors (3072K)
 Metaspace       used 35680K, committed 36096K, reserved 1081344K
  class space    used 4210K, committed 4352K, reserved 1048576K
}
Event: 7.361 GC heap before
{Heap before GC invocations=14 (full 0):
 garbage-first heap   total 65536K, used 52098K [0x0000000082600000, 0x0000000100000000)
  region size 1024K, 38 young (38912K), 3 survivors (3072K)
 Metaspace       used 36156K, committed 36544K, reserved 1089536K
  class space    used 4266K, committed 4416K, reserved 1048576K
}
Event: 7.365 GC heap after
{Heap after GC invocations=15 (full 0):
 garbage-first heap   total 65536K, used 17325K [0x0000000082600000, 0x0000000100000000)
  region size 1024K, 3 young (3072K), 3 survivors (3072K)
 Metaspace       used 36156K, committed 36544K, reserved 1089536K
  class space    used 4266K, committed 4416K, reserved 1048576K
}
Event: 7.373 GC heap before
{Heap before GC invocations=15 (full 0):
 garbage-first heap   total 65536K, used 50093K [0x0000000082600000, 0x0000000100000000)
  region size 1024K, 36 young (36864K), 3 survivors (3072K)
 Metaspace       used 36156K, committed 36544K, reserved 1089536K
  class space    used 4266K, committed 4416K, reserved 1048576K
}
Event: 7.377 GC heap after
{Heap after GC invocations=16 (full 0):
 garbage-first heap   total 65536K, used 17401K [0x0000000082600000, 0x0000000100000000)
  region size 1024K, 3 young (3072K), 3 survivors (3072K)
 Metaspace       used 36156K, committed 36544K, reserved 1089536K
  class space    used 4266K, committed 4416K, reserved 1048576K
}
Event: 7.384 GC heap before
{Heap before GC invocations=16 (full 0):
 garbage-first heap   total 65536K, used 51193K [0x0000000082600000, 0x0000000100000000)
  region size 1024K, 37 young (37888K), 3 survivors (3072K)
 Metaspace       used 36156K, committed 36544K, reserved 1089536K
  class space    used 4266K, committed 4416K, reserved 1048576K
}
Event: 7.387 GC heap after
{Heap after GC invocations=17 (full 0):
 garbage-first heap   total 65536K, used 17462K [0x0000000082600000, 0x0000000100000000)
  region size 1024K, 3 young (3072K), 3 survivors (3072K)
 Metaspace       used 36156K, committed 36544K, reserved 1089536K
  class space    used 4266K, committed 4416K, reserved 1048576K
}
Event: 8.114 GC heap before
{Heap before GC invocations=17 (full 0):
 garbage-first heap   total 65536K, used 52278K [0x0000000082600000, 0x0000000100000000)
  region size 1024K, 38 young (38912K), 3 survivors (3072K)
 Metaspace       used 37706K, committed 38144K, reserved 1089536K
  class space    used 4461K, committed 4672K, reserved 1048576K
}
Event: 8.120 GC heap after
{Heap after GC invocations=18 (full 0):
 garbage-first heap   total 174080K, used 17927K [0x0000000082600000, 0x0000000100000000)
  region size 1024K, 3 young (3072K), 3 survivors (3072K)
 Metaspace       used 37706K, committed 38144K, reserved 1089536K
  class space    used 4461K, committed 4672K, reserved 1048576K
}
Event: 21.284 GC heap before
{Heap before GC invocations=18 (full 0):
 garbage-first heap   total 174080K, used 108039K [0x0000000082600000, 0x0000000100000000)
  region size 1024K, 92 young (94208K), 3 survivors (3072K)
 Metaspace       used 59828K, committed 60288K, reserved 1105920K
  class space    used 7383K, committed 7616K, reserved 1048576K
}
Event: 21.294 GC heap after
{Heap after GC invocations=19 (full 0):
 garbage-first heap   total 174080K, used 22799K [0x0000000082600000, 0x0000000100000000)
  region size 1024K, 8 young (8192K), 8 survivors (8192K)
 Metaspace       used 59828K, committed 60288K, reserved 1105920K
  class space    used 7383K, committed 7616K, reserved 1048576K
}
Event: 24.869 GC heap before
{Heap before GC invocations=20 (full 0):
 garbage-first heap   total 81920K, used 63759K [0x0000000082600000, 0x0000000100000000)
  region size 1024K, 48 young (49152K), 8 survivors (8192K)
 Metaspace       used 69600K, committed 70144K, reserved 1114112K
  class space    used 8927K, committed 9216K, reserved 1048576K
}
Event: 24.877 GC heap after
{Heap after GC invocations=21 (full 0):
 garbage-first heap   total 81920K, used 25340K [0x0000000082600000, 0x0000000100000000)
  region size 1024K, 3 young (3072K), 3 survivors (3072K)
 Metaspace       used 69600K, committed 70144K, reserved 1114112K
  class space    used 8927K, committed 9216K, reserved 1048576K
}
Event: 26.136 GC heap before
{Heap before GC invocations=21 (full 0):
 garbage-first heap   total 81920K, used 66300K [0x0000000082600000, 0x0000000100000000)
  region size 1024K, 43 young (44032K), 3 survivors (3072K)
 Metaspace       used 74869K, committed 75456K, reserved 1122304K
  class space    used 9692K, committed 9984K, reserved 1048576K
}
Event: 26.144 GC heap after
{Heap after GC invocations=22 (full 0):
 garbage-first heap   total 81920K, used 28680K [0x0000000082600000, 0x0000000100000000)
  region size 1024K, 6 young (6144K), 6 survivors (6144K)
 Metaspace       used 74869K, committed 75456K, reserved 1122304K
  class space    used 9692K, committed 9984K, reserved 1048576K
}

Deoptimization events (20 events):
Event: 26.029 Thread 0x0000019d4bae2940 Uncommon trap: trap_request=0xffffff45 fr.pc=0x0000019d3ae6c9e0 relative=0x0000000000000060
Event: 26.029 Thread 0x0000019d4bae2940 Uncommon trap: reason=unstable_if action=reinterpret pc=0x0000019d3ae6c9e0 method=org.springframework.util.ConcurrentReferenceHashMap$Segment.clear()V @ 7 c2
Event: 26.029 Thread 0x0000019d4bae2940 DEOPT PACKING pc=0x0000019d3ae6c9e0 sp=0x0000001563efe0f0
Event: 26.029 Thread 0x0000019d4bae2940 DEOPT UNPACKING pc=0x0000019d333823a3 sp=0x0000001563efe080 mode 2
Event: 26.033 Thread 0x0000019d4bae2940 Uncommon trap: trap_request=0xffffff54 fr.pc=0x0000019d3ae8b8f4 relative=0x0000000000000234
Event: 26.033 Thread 0x0000019d4bae2940 Uncommon trap: reason=speculate_null_assert action=make_not_entrant pc=0x0000019d3ae8b8f4 method=org.springframework.util.ConcurrentReferenceHashMap$Segment.restructureIfNecessary(Z)V @ 41 c2
Event: 26.033 Thread 0x0000019d4bae2940 DEOPT PACKING pc=0x0000019d3ae8b8f4 sp=0x0000001563efdde0
Event: 26.033 Thread 0x0000019d4bae2940 DEOPT UNPACKING pc=0x0000019d333823a3 sp=0x0000001563efddb8 mode 2
Event: 26.070 Thread 0x0000019d4bae2940 Uncommon trap: trap_request=0xffffffc6 fr.pc=0x0000019d3b151a0c relative=0x0000000000000e6c
Event: 26.070 Thread 0x0000019d4bae2940 Uncommon trap: reason=bimorphic_or_optimized_type_check action=maybe_recompile pc=0x0000019d3b151a0c method=java.util.TreeMap.getEntryUsingComparator(Ljava/lang/Object;)Ljava/util/TreeMap$Entry; @ 29 c2
Event: 26.070 Thread 0x0000019d4bae2940 DEOPT PACKING pc=0x0000019d3b151a0c sp=0x0000001563efc720
Event: 26.070 Thread 0x0000019d4bae2940 DEOPT UNPACKING pc=0x0000019d333823a3 sp=0x0000001563efc630 mode 2
Event: 26.108 Thread 0x0000019d4bae2940 Uncommon trap: trap_request=0xffffff45 fr.pc=0x0000019d3b0e4b20 relative=0x0000000000000100
Event: 26.108 Thread 0x0000019d4bae2940 Uncommon trap: reason=unstable_if action=reinterpret pc=0x0000019d3b0e4b20 method=java.util.ArrayList.indexOfRange(Ljava/lang/Object;II)I @ 7 c2
Event: 26.108 Thread 0x0000019d4bae2940 DEOPT PACKING pc=0x0000019d3b0e4b20 sp=0x0000001563efdb40
Event: 26.108 Thread 0x0000019d4bae2940 DEOPT UNPACKING pc=0x0000019d333823a3 sp=0x0000001563efdac0 mode 2
Event: 349.285 Thread 0x0000019d4c84d180 Uncommon trap: trap_request=0xffffff45 fr.pc=0x0000019d3af4034c relative=0x000000000000012c
Event: 349.285 Thread 0x0000019d4c84d180 Uncommon trap: reason=unstable_if action=reinterpret pc=0x0000019d3af4034c method=java.util.IdentityHashMap.nextKeyIndex(II)I @ 4 c2
Event: 349.285 Thread 0x0000019d4c84d180 DEOPT PACKING pc=0x0000019d3af4034c sp=0x0000001564df8c80
Event: 349.285 Thread 0x0000019d4c84d180 DEOPT UNPACKING pc=0x0000019d333823a3 sp=0x0000001564df8b98 mode 2

Classes unloaded (0 events):
No events

Classes redefined (0 events):
No events

Internal exceptions (20 events):
Event: 25.137 Thread 0x0000019d4bae2940 Exception <a 'java/lang/NoSuchMethodError'{0x0000000086f4b6a0}: 'java.lang.Object java.lang.invoke.DirectMethodHandle$Holder.invokeStatic(java.lang.Object, int, java.lang.Object)'> (0x0000000086f4b6a0) 
thrown [e:\jenkins\tmp\workspace\build\src\src\hotspot\share\interpreter\linkResolver.cpp, line 766]
Event: 25.164 Thread 0x0000019d4bae2940 Exception <a 'java/lang/reflect/InvocationTargetException'{0x0000000086ce03c0}> (0x0000000086ce03c0) 
thrown [e:\jenkins\tmp\workspace\build\src\src\hotspot\share\runtime\reflection.cpp, line 1121]
Event: 25.167 Thread 0x0000019d4bae2940 Exception <a 'java/lang/reflect/InvocationTargetException'{0x0000000086cebfb8}> (0x0000000086cebfb8) 
thrown [e:\jenkins\tmp\workspace\build\src\src\hotspot\share\runtime\reflection.cpp, line 1121]
Event: 25.181 Thread 0x0000019d4bae2940 Exception <a 'java/lang/reflect/InvocationTargetException'{0x0000000086b4dfd0}> (0x0000000086b4dfd0) 
thrown [e:\jenkins\tmp\workspace\build\src\src\hotspot\share\runtime\reflection.cpp, line 1121]
Event: 25.200 Thread 0x0000019d4bae2940 Exception <a 'java/lang/reflect/InvocationTargetException'{0x0000000086a43838}> (0x0000000086a43838) 
thrown [e:\jenkins\tmp\workspace\build\src\src\hotspot\share\runtime\reflection.cpp, line 1121]
Event: 25.593 Thread 0x0000019d4bae2940 Exception <a 'sun/nio/fs/WindowsException'{0x00000000861c1da8}> (0x00000000861c1da8) 
thrown [e:\jenkins\tmp\workspace\build\src\src\hotspot\share\prims\jni.cpp, line 516]
Event: 25.699 Thread 0x0000019d4bae2940 Exception <a 'java/lang/IncompatibleClassChangeError'{0x0000000085de0e18}: Found class java.lang.Object, but interface was expected> (0x0000000085de0e18) 
thrown [e:\jenkins\tmp\workspace\build\src\src\hotspot\share\interpreter\linkResolver.cpp, line 833]
Event: 25.762 Thread 0x0000019d4bae2940 Exception <a 'java/lang/NoSuchMethodError'{0x0000000085b92a58}: 'void java.lang.invoke.DirectMethodHandle$Holder.invokeVirtual(java.lang.Object, java.lang.Object, long)'> (0x0000000085b92a58) 
thrown [e:\jenkins\tmp\workspace\build\src\src\hotspot\share\interpreter\linkResolver.cpp, line 766]
Event: 25.857 Thread 0x0000019d4bae2940 Implicit null exception at 0x0000019d3afc610f to 0x0000019d3afc66d2
Event: 25.878 Thread 0x0000019d4bae2940 Exception <a 'java/lang/IncompatibleClassChangeError'{0x00000000857c1fd0}: Found class java.lang.Object, but interface was expected> (0x00000000857c1fd0) 
thrown [e:\jenkins\tmp\workspace\build\src\src\hotspot\share\interpreter\linkResolver.cpp, line 833]
Event: 25.890 Thread 0x0000019d4bae2940 Implicit null exception at 0x0000019d3af473e0 to 0x0000019d3af4762c
Event: 26.036 Thread 0x0000019d4bae2940 Exception <a 'java/lang/NoSuchMethodError'{0x0000000085126dd8}: 'java.lang.Object java.lang.invoke.DirectMethodHandle$Holder.newInvokeSpecial(java.lang.Object, java.lang.Object, int, java.lang.Object, java.lang.Object)'> (0x0000000085126dd8) 
thrown [e:\jenkins\tmp\workspace\build\src\src\hotspot\share\interpreter\linkResolver.cpp, line 766]
Event: 346.529 Thread 0x0000019d4c84f330 Exception <a 'java/lang/NoSuchMethodError'{0x0000000086a00908}: 'java.lang.Object java.lang.invoke.DirectMethodHandle$Holder.invokeSpecial(java.lang.Object, java.lang.Object, java.lang.Object, java.lang.Object, java.lang.Object, long)'> (0x0000000086a00908) 
thrown [e:\jenkins\tmp\workspace\build\src\src\hotspot\share\interpreter\linkResolver.cpp, line 766]
Event: 346.529 Thread 0x0000019d4c84f330 Exception <a 'java/lang/NoSuchMethodError'{0x0000000086a04300}: 'java.lang.Object java.lang.invoke.Invokers$Holder.linkToTargetMethod(java.lang.Object, java.lang.Object, java.lang.Object, long, java.lang.Object)'> (0x0000000086a04300) 
thrown [e:\jenkins\tmp\workspace\build\src\src\hotspot\share\interpreter\linkResolver.cpp, line 766]
Event: 348.444 Thread 0x0000019d4c84d180 Exception <a 'java/lang/NoSuchMethodError'{0x00000000864246e8}: 'java.lang.Object java.lang.invoke.DirectMethodHandle$Holder.invokeInterface(java.lang.Object, java.lang.Object, java.lang.Object, java.lang.Object)'> (0x00000000864246e8) 
thrown [e:\jenkins\tmp\workspace\build\src\src\hotspot\share\interpreter\linkResolver.cpp, line 766]
Event: 348.531 Thread 0x0000019d4c84d180 Exception <a 'java/lang/IncompatibleClassChangeError'{0x00000000864a7ef0}: Found class java.lang.Object, but interface was expected> (0x00000000864a7ef0) 
thrown [e:\jenkins\tmp\workspace\build\src\src\hotspot\share\interpreter\linkResolver.cpp, line 833]
Event: 349.189 Thread 0x0000019d4c84d180 Exception <a 'java/lang/IncompatibleClassChangeError'{0x000000008607aeb8}: Found class java.lang.Object, but interface was expected> (0x000000008607aeb8) 
thrown [e:\jenkins\tmp\workspace\build\src\src\hotspot\share\interpreter\linkResolver.cpp, line 833]
Event: 349.195 Thread 0x0000019d4c84d180 Exception <a 'java/lang/NoSuchMethodError'{0x0000000086098d70}: 'void java.lang.invoke.DirectMethodHandle$Holder.invokeSpecialIFC(java.lang.Object, java.lang.Object, int, java.lang.Object, java.lang.Object, java.lang.Object, java.lang.Object)'> (0x0000000086098d70) 
thrown [e:\jenkins\tmp\workspace\build\src\src\hotspot\share\interpreter\linkResolver.cpp, line 766]
Event: 381.191 Thread 0x0000019d50eb32a0 Exception <a 'java/lang/NoSuchMethodError'{0x000000008577a790}: 'int java.lang.invoke.DirectMethodHandle$Holder.invokeStatic(java.lang.Object, java.lang.Object, int, int)'> (0x000000008577a790) 
thrown [e:\jenkins\tmp\workspace\build\src\src\hotspot\share\interpreter\linkResolver.cpp, line 766]
Event: 381.639 Thread 0x0000019d50eb32a0 Exception <a 'java/lang/IncompatibleClassChangeError'{0x000000008562ec78}: Found class java.lang.Object, but interface was expected> (0x000000008562ec78) 
thrown [e:\jenkins\tmp\workspace\build\src\src\hotspot\share\interpreter\linkResolver.cpp, line 833]

VM Operations (20 events):
Event: 368.345 Executing VM operation: HandshakeAllThreads
Event: 368.345 Executing VM operation: HandshakeAllThreads done
Event: 369.358 Executing VM operation: Cleanup
Event: 369.359 Executing VM operation: Cleanup done
Event: 381.426 Executing VM operation: HandshakeAllThreads
Event: 381.426 Executing VM operation: HandshakeAllThreads done
Event: 381.426 Executing VM operation: Cleanup
Event: 381.426 Executing VM operation: Cleanup done
Event: 381.618 Executing VM operation: HandshakeAllThreads
Event: 381.618 Executing VM operation: HandshakeAllThreads done
Event: 382.631 Executing VM operation: Cleanup
Event: 382.631 Executing VM operation: Cleanup done
Event: 402.826 Executing VM operation: Cleanup
Event: 402.827 Executing VM operation: Cleanup done
Event: 414.927 Executing VM operation: Cleanup
Event: 414.928 Executing VM operation: Cleanup done
Event: 434.063 Executing VM operation: Cleanup
Event: 434.063 Executing VM operation: Cleanup done
Event: 439.132 Executing VM operation: Cleanup
Event: 439.132 Executing VM operation: Cleanup done

Events (20 events):
Event: 349.501 loading class java/util/OptionalDouble
Event: 349.502 loading class java/util/OptionalDouble done
Event: 349.729 loading class java/util/stream/LongStream
Event: 349.729 loading class java/util/stream/LongStream done
Event: 349.729 loading class java/util/stream/DoubleStream
Event: 349.730 loading class java/util/stream/DoubleStream done
Event: 349.736 Thread 0x0000019d4ac27530 flushing nmethod 0x0000019d3b0c7090
Event: 349.740 Thread 0x0000019d4ac27530 flushing nmethod 0x0000019d33edac10
Event: 349.800 loading class org/w3c/dom/Node
Event: 349.801 loading class org/w3c/dom/Node done
Event: 349.801 loading class org/w3c/dom/Document
Event: 349.801 loading class org/w3c/dom/Document done
Event: 367.228 loading class java/io/PushbackInputStream
Event: 367.228 loading class java/io/PushbackInputStream done
Event: 446.284 loading class java/text/ParsePosition
Event: 446.285 loading class java/text/ParsePosition done
Event: 446.285 loading class java/time/format/DateTimeParseContext
Event: 446.286 loading class java/time/format/DateTimeParseContext done
Event: 446.286 loading class java/time/format/Parsed
Event: 446.287 loading class java/time/format/Parsed done


Dynamic libraries:
0x00007ff734770000 - 0x00007ff73477e000 	C:\Eclipse\Eclipse\eclipse\plugins\org.eclipse.justj.openjdk.hotspot.jre.full.win32.x86_64_17.0.1.v20211116-1657\jre\bin\javaw.exe
0x00007ffa6b110000 - 0x00007ffa6b308000 	C:\WINDOWS\SYSTEM32\ntdll.dll
0x00007ffa69c30000 - 0x00007ffa69cf1000 	C:\WINDOWS\System32\KERNEL32.DLL
0x00007ffa68ad0000 - 0x00007ffa68dcd000 	C:\WINDOWS\System32\KERNELBASE.dll
0x00007ffa68870000 - 0x00007ffa68970000 	C:\WINDOWS\System32\ucrtbase.dll
0x00007ffa5e9d0000 - 0x00007ffa5e9e9000 	C:\Eclipse\Eclipse\eclipse\plugins\org.eclipse.justj.openjdk.hotspot.jre.full.win32.x86_64_17.0.1.v20211116-1657\jre\bin\VCRUNTIME140.dll
0x00007ffa5cef0000 - 0x00007ffa5cf08000 	C:\Eclipse\Eclipse\eclipse\plugins\org.eclipse.justj.openjdk.hotspot.jre.full.win32.x86_64_17.0.1.v20211116-1657\jre\bin\jli.dll
0x00007ffa69d00000 - 0x00007ffa69e9d000 	C:\WINDOWS\System32\USER32.dll
0x00007ffa68fb0000 - 0x00007ffa68fd2000 	C:\WINDOWS\System32\win32u.dll
0x00007ffa47a70000 - 0x00007ffa47d0a000 	C:\WINDOWS\WinSxS\amd64_microsoft.windows.common-controls_6595b64144ccf1df_6.0.19041.4355_none_60b8b9eb71f62e16\COMCTL32.dll
0x00007ffa6a9d0000 - 0x00007ffa6a9fb000 	C:\WINDOWS\System32\GDI32.dll
0x00007ffa69260000 - 0x00007ffa692fe000 	C:\WINDOWS\System32\msvcrt.dll
0x00007ffa68dd0000 - 0x00007ffa68ee7000 	C:\WINDOWS\System32\gdi32full.dll
0x00007ffa68970000 - 0x00007ffa68a0d000 	C:\WINDOWS\System32\msvcp_win.dll
0x00007ffa69460000 - 0x00007ffa6948f000 	C:\WINDOWS\System32\IMM32.DLL
0x0000019d2e310000 - 0x0000019d2e324000 	C:\WINDOWS\System32\umppc18721.dll
0x00007ffa5ea30000 - 0x00007ffa5ea3c000 	C:\Eclipse\Eclipse\eclipse\plugins\org.eclipse.justj.openjdk.hotspot.jre.full.win32.x86_64_17.0.1.v20211116-1657\jre\bin\vcruntime140_1.dll
0x00007ffa27200000 - 0x00007ffa27291000 	C:\Eclipse\Eclipse\eclipse\plugins\org.eclipse.justj.openjdk.hotspot.jre.full.win32.x86_64_17.0.1.v20211116-1657\jre\bin\msvcp140.dll
0x00007ff9e0cc0000 - 0x00007ff9e1906000 	C:\Eclipse\Eclipse\eclipse\plugins\org.eclipse.justj.openjdk.hotspot.jre.full.win32.x86_64_17.0.1.v20211116-1657\jre\bin\server\jvm.dll
0x00007ffa698e0000 - 0x00007ffa69990000 	C:\WINDOWS\System32\ADVAPI32.dll
0x00007ffa693c0000 - 0x00007ffa69460000 	C:\WINDOWS\System32\sechost.dll
0x00007ffa69490000 - 0x00007ffa695b3000 	C:\WINDOWS\System32\RPCRT4.dll
0x00007ffa68a10000 - 0x00007ffa68a37000 	C:\WINDOWS\System32\bcrypt.dll
0x00007ffa698c0000 - 0x00007ffa698c8000 	C:\WINDOWS\System32\PSAPI.DLL
0x00007ffa493a0000 - 0x00007ffa493a9000 	C:\WINDOWS\SYSTEM32\WSOCK32.dll
0x00007ffa69990000 - 0x00007ffa699fb000 	C:\WINDOWS\System32\WS2_32.dll
0x00007ffa4af30000 - 0x00007ffa4af57000 	C:\WINDOWS\SYSTEM32\WINMM.dll
0x00007ffa5ed40000 - 0x00007ffa5ed4a000 	C:\WINDOWS\SYSTEM32\VERSION.dll
0x00007ffa66c70000 - 0x00007ffa66c82000 	C:\WINDOWS\SYSTEM32\kernel.appcore.dll
0x00007ffa60d40000 - 0x00007ffa60d4a000 	C:\Eclipse\Eclipse\eclipse\plugins\org.eclipse.justj.openjdk.hotspot.jre.full.win32.x86_64_17.0.1.v20211116-1657\jre\bin\jimage.dll
0x00007ffa63030000 - 0x00007ffa63214000 	C:\WINDOWS\SYSTEM32\DBGHELP.DLL
0x00007ffa5ae80000 - 0x00007ffa5aeb4000 	C:\WINDOWS\SYSTEM32\dbgcore.DLL
0x00007ffa68a40000 - 0x00007ffa68ac2000 	C:\WINDOWS\System32\bcryptPrimitives.dll
0x00007ffa5cf10000 - 0x00007ffa5cf35000 	C:\Eclipse\Eclipse\eclipse\plugins\org.eclipse.justj.openjdk.hotspot.jre.full.win32.x86_64_17.0.1.v20211116-1657\jre\bin\java.dll
0x00007ffa5cdc0000 - 0x00007ffa5cdd8000 	C:\Eclipse\Eclipse\eclipse\plugins\org.eclipse.justj.openjdk.hotspot.jre.full.win32.x86_64_17.0.1.v20211116-1657\jre\bin\zip.dll
0x00007ffa69f00000 - 0x00007ffa6a66f000 	C:\WINDOWS\System32\SHELL32.dll
0x00007ffa661a0000 - 0x00007ffa6693f000 	C:\WINDOWS\SYSTEM32\windows.storage.dll
0x00007ffa6a670000 - 0x00007ffa6a9c3000 	C:\WINDOWS\System32\combase.dll
0x00007ffa68170000 - 0x00007ffa6819e000 	C:\WINDOWS\SYSTEM32\Wldp.dll
0x00007ffa6aa00000 - 0x00007ffa6aacd000 	C:\WINDOWS\System32\OLEAUT32.dll
0x00007ffa69150000 - 0x00007ffa691fd000 	C:\WINDOWS\System32\SHCORE.dll
0x00007ffa69200000 - 0x00007ffa69255000 	C:\WINDOWS\System32\shlwapi.dll
0x00007ffa686f0000 - 0x00007ffa68714000 	C:\WINDOWS\SYSTEM32\profapi.dll
0x00007ffa5cc60000 - 0x00007ffa5cc79000 	C:\Eclipse\Eclipse\eclipse\plugins\org.eclipse.justj.openjdk.hotspot.jre.full.win32.x86_64_17.0.1.v20211116-1657\jre\bin\net.dll
0x00007ffa67710000 - 0x00007ffa6781d000 	C:\WINDOWS\SYSTEM32\WINHTTP.dll
0x00007ffa67e70000 - 0x00007ffa67eda000 	C:\WINDOWS\system32\mswsock.dll
0x00007ffa5be70000 - 0x00007ffa5be85000 	C:\Eclipse\Eclipse\eclipse\plugins\org.eclipse.justj.openjdk.hotspot.jre.full.win32.x86_64_17.0.1.v20211116-1657\jre\bin\nio.dll
0x00007ffa5d0d0000 - 0x00007ffa5d0d9000 	C:\Eclipse\Eclipse\eclipse\plugins\org.eclipse.justj.openjdk.hotspot.jre.full.win32.x86_64_17.0.1.v20211116-1657\jre\bin\management.dll
0x00007ffa5d020000 - 0x00007ffa5d02b000 	C:\Eclipse\Eclipse\eclipse\plugins\org.eclipse.justj.openjdk.hotspot.jre.full.win32.x86_64_17.0.1.v20211116-1657\jre\bin\management_ext.dll
0x00007ffa5ce30000 - 0x00007ffa5ce3e000 	C:\Eclipse\Eclipse\eclipse\plugins\org.eclipse.justj.openjdk.hotspot.jre.full.win32.x86_64_17.0.1.v20211116-1657\jre\bin\sunmscapi.dll
0x00007ffa68fe0000 - 0x00007ffa6913e000 	C:\WINDOWS\System32\CRYPT32.dll
0x00007ffa681e0000 - 0x00007ffa68209000 	C:\WINDOWS\SYSTEM32\ncrypt.dll
0x00007ffa681a0000 - 0x00007ffa681db000 	C:\WINDOWS\SYSTEM32\NTASN1.dll
0x00007ffa68070000 - 0x00007ffa68088000 	C:\WINDOWS\SYSTEM32\CRYPTSP.dll
0x00007ffa67680000 - 0x00007ffa676b4000 	C:\WINDOWS\system32\rsaenh.dll
0x00007ffa686a0000 - 0x00007ffa686ce000 	C:\WINDOWS\SYSTEM32\USERENV.dll
0x00007ffa68060000 - 0x00007ffa6806c000 	C:\WINDOWS\SYSTEM32\CRYPTBASE.dll
0x00007ffa67b50000 - 0x00007ffa67b8b000 	C:\WINDOWS\SYSTEM32\IPHLPAPI.DLL
0x00007ffa69140000 - 0x00007ffa69148000 	C:\WINDOWS\System32\NSI.dll
0x00007ffa60f80000 - 0x00007ffa60f97000 	C:\WINDOWS\SYSTEM32\dhcpcsvc6.DLL
0x00007ffa60040000 - 0x00007ffa6005d000 	C:\WINDOWS\SYSTEM32\dhcpcsvc.DLL
0x00007ffa67b90000 - 0x00007ffa67c5a000 	C:\WINDOWS\SYSTEM32\DNSAPI.dll
0x00007ffa60060000 - 0x00007ffa60070000 	C:\Eclipse\Eclipse\eclipse\plugins\org.eclipse.justj.openjdk.hotspot.jre.full.win32.x86_64_17.0.1.v20211116-1657\jre\bin\verify.dll
0x00007ffa5ef80000 - 0x00007ffa5ef8a000 	C:\Windows\System32\rasadhlp.dll
0x00007ffa606e0000 - 0x00007ffa60760000 	C:\WINDOWS\System32\fwpuclnt.dll
0x00007ffa40f10000 - 0x00007ffa40f17000 	C:\WINDOWS\system32\wshunix.dll

dbghelp: loaded successfully - version: 4.0.5 - missing functions: none
symbol engine: initialized successfully - sym options: 0x614 - pdb path: .;C:\Eclipse\Eclipse\eclipse\plugins\org.eclipse.justj.openjdk.hotspot.jre.full.win32.x86_64_17.0.1.v20211116-1657\jre\bin;C:\WINDOWS\SYSTEM32;C:\WINDOWS\WinSxS\amd64_microsoft.windows.common-controls_6595b64144ccf1df_6.0.19041.4355_none_60b8b9eb71f62e16;C:\Eclipse\Eclipse\eclipse\plugins\org.eclipse.justj.openjdk.hotspot.jre.full.win32.x86_64_17.0.1.v20211116-1657\jre\bin\server

VM Arguments:
jvm_args: -Dfile.encoding=UTF-8 -XX:+ShowCodeDetailsInExceptionMessages 
java_command: com.example.library_management.LibraryManagementApplication
java_class_path (initial): C:\Users\2000108367\Downloads\library-management\library-management\target\classes;C:\Users\2000108367\.m2\repository\org\springframework\boot\spring-boot-starter-data-jpa\3.3.4\spring-boot-starter-data-jpa-3.3.4.jar;C:\Users\2000108367\.m2\repository\org\springframework\boot\spring-boot-starter-aop\3.3.4\spring-boot-starter-aop-3.3.4.jar;C:\Users\2000108367\.m2\repository\org\springframework\spring-aop\6.1.13\spring-aop-6.1.13.jar;C:\Users\2000108367\.m2\repository\org\aspectj\aspectjweaver\1.9.22.1\aspectjweaver-1.9.22.1.jar;C:\Users\2000108367\.m2\repository\org\springframework\boot\spring-boot-starter-jdbc\3.3.4\spring-boot-starter-jdbc-3.3.4.jar;C:\Users\2000108367\.m2\repository\com\zaxxer\HikariCP\5.1.0\HikariCP-5.1.0.jar;C:\Users\2000108367\.m2\repository\org\springframework\spring-jdbc\6.1.13\spring-jdbc-6.1.13.jar;C:\Users\2000108367\.m2\repository\org\hibernate\orm\hibernate-core\6.5.3.Final\hibernate-core-6.5.3.Final.jar;C:\Users\2000108367\.m2\repository\jakarta\persistence\jakarta.persistence-api\3.1.0\jakarta.persistence-api-3.1.0.jar;C:\Users\2000108367\.m2\repository\jakarta\transaction\jakarta.transaction-api\2.0.1\jakarta.transaction-api-2.0.1.jar;C:\Users\2000108367\.m2\repository\org\jboss\logging\jboss-logging\3.5.3.Final\jboss-logging-3.5.3.Final.jar;C:\Users\2000108367\.m2\repository\org\hibernate\common\hibernate-commons-annotations\6.0.6.Final\hibernate-commons-annotations-6.0.6.Final.jar;C:\Users\2000108367\.m2\repository\io\smallrye\jandex\3.1.2\jandex-3.1.2.jar;C:\Users\2000108367\.m2\repository\com\fasterxml\classmate\1.7.0\classmate-1.7.0.jar;C:\Users\2000108367\.m2\repository\org\glassfish\jaxb\jaxb-runtime\4.0.5\jaxb-runtime-4.0.5.jar;C:\Users\2000108367\.m2\repository\org\glassfish\jaxb\jaxb-core\4.0.5\jaxb-core-4.0.5.jar;C:\Users\2000108367\.m2\repository\org\eclipse\angus\angus-activation\2.0.2\angus-activation-2.0.2.jar;C:\Users\2000108367\.m2\repository\org\glassfish\jaxb\txw2\4.0.5\txw2-4.0.5.jar;C:
Launcher Type: SUN_STANDARD

[Global flags]
     intx CICompilerCount                          = 4                                         {product} {ergonomic}
     uint ConcGCThreads                            = 2                                         {product} {ergonomic}
     uint G1ConcRefinementThreads                  = 8                                         {product} {ergonomic}
   size_t G1HeapRegionSize                         = 1048576                                   {product} {ergonomic}
    uintx GCDrainStackTargetSize                   = 64                                        {product} {ergonomic}
   size_t InitialHeapSize                          = 132120576                                 {product} {ergonomic}
   size_t MarkStackSize                            = 4194304                                   {product} {ergonomic}
   size_t MaxHeapSize                              = 2107637760                                {product} {ergonomic}
   size_t MaxNewSize                               = 1264582656                                {product} {ergonomic}
   size_t MinHeapDeltaBytes                        = 1048576                                   {product} {ergonomic}
   size_t MinHeapSize                              = 8388608                                   {product} {ergonomic}
    uintx NonNMethodCodeHeapSize                   = 5839372                                {pd product} {ergonomic}
    uintx NonProfiledCodeHeapSize                  = 122909434                              {pd product} {ergonomic}
    uintx ProfiledCodeHeapSize                     = 122909434                              {pd product} {ergonomic}
    uintx ReservedCodeCacheSize                    = 251658240                              {pd product} {ergonomic}
     bool SegmentedCodeCache                       = true                                      {product} {ergonomic}
     bool ShowCodeDetailsInExceptionMessages       = true                                   {manageable} {command line}
   size_t SoftMaxHeapSize                          = 2107637760                             {manageable} {ergonomic}
     bool UseCompressedClassPointers               = true                           {product lp64_product} {ergonomic}
     bool UseCompressedOops                        = true                           {product lp64_product} {ergonomic}
     bool UseG1GC                                  = true                                      {product} {ergonomic}
     bool UseLargePagesIndividualAllocation        = false                                  {pd product} {ergonomic}

Logging:
Log output configuration:
 #0: stdout all=warning uptime,level,tags
 #1: stderr all=off uptime,level,tags

Environment Variables:
JAVA_HOME=C:\Program Files\Java\jdk-17.0.2
PATH=C:/Eclipse/Eclipse/eclipse//plugins/org.eclipse.justj.openjdk.hotspot.jre.full.win32.x86_64_17.0.1.v20211116-1657/jre/bin/server;C:/Eclipse/Eclipse/eclipse//plugins/org.eclipse.justj.openjdk.hotspot.jre.full.win32.x86_64_17.0.1.v20211116-1657/jre/bin;C:\Program Files\Java\jdk-17.0.2\bin;C:\Program Files (x86)\Common Files\Oracle\Java\javapath;C:\WINDOWS\system32;C:\WINDOWS;C:\WINDOWS\System32\Wbem;C:\WINDOWS\System32\WindowsPowerShell\v1.0\;C:\WINDOWS\System32\OpenSSH\;C:\Program Files\Microsoft VS Code\bin;C:\Program Files\nodejs\;C:\Program Files\TortoiseSVN\bin;C:\Users\2000108367\AppData\Local\Microsoft\WindowsApps;C:\Users\2000108367\AppData\Local\Programs\Git\cmd;C:\apache-maven-3.9.8\bin;C:\Eclipse\Eclipse\eclipse;
USERNAME=2000108367
OS=Windows_NT
PROCESSOR_IDENTIFIER=Intel64 Family 6 Model 142 Stepping 12, GenuineIntel



---------------  S Y S T E M  ---------------

OS:
 Windows 10 , 64 bit Build 19041 (10.0.19041.4717)
OS uptime: 0 days 16:56 hours

CPU: total 8 (initial active 8) (4 cores per cpu, 2 threads per core) family 6 model 142 stepping 12 microcode 0xf8, cx8, cmov, fxsr, ht, mmx, 3dnowpref, sse, sse2, sse3, ssse3, sse4.1, sse4.2, popcnt, lzcnt, tsc, tscinvbit, avx, avx2, aes, erms, clmul, bmi1, bmi2, adx, fma, vzeroupper, clflush, clflushopt

Memory: 4k page, system-wide physical 8038M (871M free)
TotalPageFile size 9938M (AvailPageFile size 6M)
current process WorkingSet (physical memory assigned to process): 271M, peak: 316M
current process commit charge ("private bytes"): 303M, peak: 377M

vm_info: OpenJDK 64-Bit Server VM (17.0.1+12) for windows-amd64 JRE (17.0.1+12), built on Oct 20 2021 07:42:55 by "" with MS VC++ 16.7 (VS2019)

END.
