#
# There is insufficient memory for the Java Runtime Environment to continue.
# Native memory allocation (mmap) failed to map 132120576 bytes for G1 virtual space
# Possible reasons:
#   The system is out of physical RAM or swap space
#   The process is running with CompressedOops enabled, and the Java Heap may be blocking the growth of the native heap
# Possible solutions:
#   Reduce memory load on the system
#   Increase physical memory or swap space
#   Check if swap backing store is full
#   Decrease Java heap size (-Xmx/-Xms)
#   Decrease number of Java threads
#   Decrease Java thread stack sizes (-Xss)
#   Set larger code cache with -XX:ReservedCodeCacheSize=
#   JVM is running with Unscaled Compressed Oops mode in which the Java heap is
#     placed in the first 4GB address space. The Java Heap base address is the
#     maximum limit for the native heap growth. Please use -XX:HeapBaseMinAddress
#     to set the Java Heap base and to place the Java Heap above 4GB virtual address.
# This output file may be truncated or incomplete.
#
#  Out of Memory Error (os_windows.cpp:3469), pid=11668, tid=788
#
# JRE version:  (17.0.1+12) (build )
# Java VM: OpenJDK 64-Bit Server VM (17.0.1+12, mixed mode, sharing, tiered, compressed oops, compressed class ptrs, g1 gc, windows-amd64)
# No core dump will be written. Minidumps are not enabled by default on client versions of Windows
#

---------------  S U M M A R Y ------------

Command Line: -Dfile.encoding=UTF-8 -XX:+ShowCodeDetailsInExceptionMessages com.example.library_management.LibraryManagementApplication

Host: Intel(R) Core(TM) i5-8265U CPU @ 1.60GHz, 8 cores, 7G,  Windows 10 , 64 bit Build 19041 (10.0.19041.4717)
Time: Fri Nov 15 12:32:49 2024 India Standard Time elapsed time: 0.081747 seconds (0d 0h 0m 0s)

---------------  T H R E A D  ---------------

Current thread (0x000001a087d64d60):  JavaThread "Unknown thread" [_thread_in_vm, id=788, stack(0x0000000404d00000,0x0000000404e00000)]

Stack: [0x0000000404d00000,0x0000000404e00000]
Native frames: (J=compiled Java code, j=interpreted, Vv=VM code, C=native code)
V  [jvm.dll+0x6744da]
V  [jvm.dll+0x82e144]
V  [jvm.dll+0x82f8ee]
V  [jvm.dll+0x82ff53]
V  [jvm.dll+0x245175]
V  [jvm.dll+0x6714c9]
V  [jvm.dll+0x665f92]
V  [jvm.dll+0x303c3b]
V  [jvm.dll+0x30b176]
V  [jvm.dll+0x35af1e]
V  [jvm.dll+0x35b14f]
V  [jvm.dll+0x2dab78]
V  [jvm.dll+0x2dbae4]
V  [jvm.dll+0x7ffdf1]
V  [jvm.dll+0x368c91]
V  [jvm.dll+0x7df2cc]
V  [jvm.dll+0x3eb59f]
V  [jvm.dll+0x3ed121]
C  [jli.dll+0x5277]
C  [ucrtbase.dll+0x21bb2]
C  [KERNEL32.DLL+0x17374]
C  [ntdll.dll+0x4cc91]


---------------  P R O C E S S  ---------------

Threads class SMR info:
_java_thread_list=0x00007ff9cbdd4e58, length=0, elements={
}

Java Threads: ( => current thread )

Other Threads:
  0x000001a087da4fa0 GCTaskThread "GC Thread#0" [stack: 0x0000000404e00000,0x0000000404f00000] [id=12984]
  0x000001a087db5a20 ConcurrentGCThread "G1 Main Marker" [stack: 0x0000000404f00000,0x0000000405000000] [id=8704]
  0x000001a087db6bd0 ConcurrentGCThread "G1 Conc#0" [stack: 0x0000000405000000,0x0000000405100000] [id=17096]

[error occurred during error reporting (printing all threads), id 0xc0000005, EXCEPTION_ACCESS_VIOLATION (0xc0000005) at pc=0x00007ff9cb5ab5f7]

VM state: not at safepoint (not fully initialized)

VM Mutex/Monitor currently owned by a thread:  ([mutex/lock_event])
[0x000001a087d61b00] Heap_lock - owner thread: 0x000001a087d64d60

Heap address: 0x0000000082600000, size: 2010 MB, Compressed Oops mode: 32-bit

CDS archive(s) mapped at: [0x0000000000000000-0x0000000000000000-0x0000000000000000), size 0, SharedBaseAddress: 0x0000000800000000, ArchiveRelocationMode: 0.
Narrow klass base: 0x0000000000000000, Narrow klass shift: 0, Narrow klass range: 0x0

GC Precious Log:
<Empty>

Heap:
 garbage-first heap   total 0K, used 0K [0x0000000082600000, 0x0000000100000000)
  region size 1024K, 0 young (0K), 0 survivors (0K)

[error occurred during error reporting (printing heap information), id 0xc0000005, EXCEPTION_ACCESS_VIOLATION (0xc0000005) at pc=0x00007ff9cb98d729]

GC Heap History (0 events):
No events

Deoptimization events (0 events):
No events

Classes unloaded (0 events):
No events

Classes redefined (0 events):
No events

Internal exceptions (0 events):
No events

VM Operations (0 events):
No events

Events (1 events):
Event: 0.016 Loaded shared library C:\Eclipse\Eclipse\eclipse\plugins\org.eclipse.justj.openjdk.hotspot.jre.full.win32.x86_64_17.0.1.v20211116-1657\jre\bin\java.dll


Dynamic libraries:
0x00007ff734770000 - 0x00007ff73477e000 	C:\Eclipse\Eclipse\eclipse\plugins\org.eclipse.justj.openjdk.hotspot.jre.full.win32.x86_64_17.0.1.v20211116-1657\jre\bin\javaw.exe
0x00007ffa6b110000 - 0x00007ffa6b308000 	C:\WINDOWS\SYSTEM32\ntdll.dll
0x00007ffa69c30000 - 0x00007ffa69cf1000 	C:\WINDOWS\System32\KERNEL32.DLL
0x00007ffa68ad0000 - 0x00007ffa68dcd000 	C:\WINDOWS\System32\KERNELBASE.dll
0x00007ffa68870000 - 0x00007ffa68970000 	C:\WINDOWS\System32\ucrtbase.dll
0x00007ffa5d140000 - 0x00007ffa5d158000 	C:\Eclipse\Eclipse\eclipse\plugins\org.eclipse.justj.openjdk.hotspot.jre.full.win32.x86_64_17.0.1.v20211116-1657\jre\bin\jli.dll
0x00007ffa60df0000 - 0x00007ffa60e09000 	C:\Eclipse\Eclipse\eclipse\plugins\org.eclipse.justj.openjdk.hotspot.jre.full.win32.x86_64_17.0.1.v20211116-1657\jre\bin\VCRUNTIME140.dll
0x00007ffa69d00000 - 0x00007ffa69e9d000 	C:\WINDOWS\System32\USER32.dll
0x00007ffa68fb0000 - 0x00007ffa68fd2000 	C:\WINDOWS\System32\win32u.dll
0x00007ffa47a70000 - 0x00007ffa47d0a000 	C:\WINDOWS\WinSxS\amd64_microsoft.windows.common-controls_6595b64144ccf1df_6.0.19041.4355_none_60b8b9eb71f62e16\COMCTL32.dll
0x00007ffa6a9d0000 - 0x00007ffa6a9fb000 	C:\WINDOWS\System32\GDI32.dll
0x00007ffa69260000 - 0x00007ffa692fe000 	C:\WINDOWS\System32\msvcrt.dll
0x00007ffa68dd0000 - 0x00007ffa68ee7000 	C:\WINDOWS\System32\gdi32full.dll
0x00007ffa68970000 - 0x00007ffa68a0d000 	C:\WINDOWS\System32\msvcp_win.dll
0x00007ffa69460000 - 0x00007ffa6948f000 	C:\WINDOWS\System32\IMM32.DLL
0x000001a087cf0000 - 0x000001a087d04000 	C:\WINDOWS\System32\umppc18721.dll
0x00007ffa60c70000 - 0x00007ffa60c7c000 	C:\Eclipse\Eclipse\eclipse\plugins\org.eclipse.justj.openjdk.hotspot.jre.full.win32.x86_64_17.0.1.v20211116-1657\jre\bin\vcruntime140_1.dll
0x00007ffa1d9f0000 - 0x00007ffa1da81000 	C:\Eclipse\Eclipse\eclipse\plugins\org.eclipse.justj.openjdk.hotspot.jre.full.win32.x86_64_17.0.1.v20211116-1657\jre\bin\msvcp140.dll
0x00007ff9cb2c0000 - 0x00007ff9cbf06000 	C:\Eclipse\Eclipse\eclipse\plugins\org.eclipse.justj.openjdk.hotspot.jre.full.win32.x86_64_17.0.1.v20211116-1657\jre\bin\server\jvm.dll
0x00007ffa698e0000 - 0x00007ffa69990000 	C:\WINDOWS\System32\ADVAPI32.dll
0x00007ffa693c0000 - 0x00007ffa69460000 	C:\WINDOWS\System32\sechost.dll
0x00007ffa69490000 - 0x00007ffa695b3000 	C:\WINDOWS\System32\RPCRT4.dll
0x00007ffa68a10000 - 0x00007ffa68a37000 	C:\WINDOWS\System32\bcrypt.dll
0x00007ffa698c0000 - 0x00007ffa698c8000 	C:\WINDOWS\System32\PSAPI.DLL
0x00007ffa493a0000 - 0x00007ffa493a9000 	C:\WINDOWS\SYSTEM32\WSOCK32.dll
0x00007ffa69990000 - 0x00007ffa699fb000 	C:\WINDOWS\System32\WS2_32.dll
0x00007ffa4af30000 - 0x00007ffa4af57000 	C:\WINDOWS\SYSTEM32\WINMM.dll
0x00007ffa5ed40000 - 0x00007ffa5ed4a000 	C:\WINDOWS\SYSTEM32\VERSION.dll
0x00007ffa66c70000 - 0x00007ffa66c82000 	C:\WINDOWS\SYSTEM32\kernel.appcore.dll
0x00007ffa60d40000 - 0x00007ffa60d4a000 	C:\Eclipse\Eclipse\eclipse\plugins\org.eclipse.justj.openjdk.hotspot.jre.full.win32.x86_64_17.0.1.v20211116-1657\jre\bin\jimage.dll
0x00007ffa63030000 - 0x00007ffa63214000 	C:\WINDOWS\SYSTEM32\DBGHELP.DLL
0x00007ffa5ae80000 - 0x00007ffa5aeb4000 	C:\WINDOWS\SYSTEM32\dbgcore.DLL
0x00007ffa68a40000 - 0x00007ffa68ac2000 	C:\WINDOWS\System32\bcryptPrimitives.dll
0x00007ffa5e9c0000 - 0x00007ffa5e9e5000 	C:\Eclipse\Eclipse\eclipse\plugins\org.eclipse.justj.openjdk.hotspot.jre.full.win32.x86_64_17.0.1.v20211116-1657\jre\bin\java.dll

dbghelp: loaded successfully - version: 4.0.5 - missing functions: none
symbol engine: initialized successfully - sym options: 0x614 - pdb path: .;C:\Eclipse\Eclipse\eclipse\plugins\org.eclipse.justj.openjdk.hotspot.jre.full.win32.x86_64_17.0.1.v20211116-1657\jre\bin;C:\WINDOWS\SYSTEM32;C:\WINDOWS\WinSxS\amd64_microsoft.windows.common-controls_6595b64144ccf1df_6.0.19041.4355_none_60b8b9eb71f62e16;C:\Eclipse\Eclipse\eclipse\plugins\org.eclipse.justj.openjdk.hotspot.jre.full.win32.x86_64_17.0.1.v20211116-1657\jre\bin\server

VM Arguments:
jvm_args: -Dfile.encoding=UTF-8 -XX:+ShowCodeDetailsInExceptionMessages 
java_command: com.example.library_management.LibraryManagementApplication
java_class_path (initial): C:\Users\2000108367\Downloads\library-management\library-management\target\classes;C:\Users\2000108367\.m2\repository\org\springframework\boot\spring-boot-starter-data-jpa\3.3.4\spring-boot-starter-data-jpa-3.3.4.jar;C:\Users\2000108367\.m2\repository\org\springframework\boot\spring-boot-starter-aop\3.3.4\spring-boot-starter-aop-3.3.4.jar;C:\Users\2000108367\.m2\repository\org\springframework\spring-aop\6.1.13\spring-aop-6.1.13.jar;C:\Users\2000108367\.m2\repository\org\aspectj\aspectjweaver\1.9.22.1\aspectjweaver-1.9.22.1.jar;C:\Users\2000108367\.m2\repository\org\springframework\boot\spring-boot-starter-jdbc\3.3.4\spring-boot-starter-jdbc-3.3.4.jar;C:\Users\2000108367\.m2\repository\com\zaxxer\HikariCP\5.1.0\HikariCP-5.1.0.jar;C:\Users\2000108367\.m2\repository\org\springframework\spring-jdbc\6.1.13\spring-jdbc-6.1.13.jar;C:\Users\2000108367\.m2\repository\org\hibernate\orm\hibernate-core\6.5.3.Final\hibernate-core-6.5.3.Final.jar;C:\Users\2000108367\.m2\repository\jakarta\persistence\jakarta.persistence-api\3.1.0\jakarta.persistence-api-3.1.0.jar;C:\Users\2000108367\.m2\repository\jakarta\transaction\jakarta.transaction-api\2.0.1\jakarta.transaction-api-2.0.1.jar;C:\Users\2000108367\.m2\repository\org\jboss\logging\jboss-logging\3.5.3.Final\jboss-logging-3.5.3.Final.jar;C:\Users\2000108367\.m2\repository\org\hibernate\common\hibernate-commons-annotations\6.0.6.Final\hibernate-commons-annotations-6.0.6.Final.jar;C:\Users\2000108367\.m2\repository\io\smallrye\jandex\3.1.2\jandex-3.1.2.jar;C:\Users\2000108367\.m2\repository\com\fasterxml\classmate\1.7.0\classmate-1.7.0.jar;C:\Users\2000108367\.m2\repository\org\glassfish\jaxb\jaxb-runtime\4.0.5\jaxb-runtime-4.0.5.jar;C:\Users\2000108367\.m2\repository\org\glassfish\jaxb\jaxb-core\4.0.5\jaxb-core-4.0.5.jar;C:\Users\2000108367\.m2\repository\org\eclipse\angus\angus-activation\2.0.2\angus-activation-2.0.2.jar;C:\Users\2000108367\.m2\repository\org\glassfish\jaxb\txw2\4.0.5\txw2-4.0.5.jar;C:
Launcher Type: SUN_STANDARD

[Global flags]
     intx CICompilerCount                          = 4                                         {product} {ergonomic}
     uint ConcGCThreads                            = 2                                         {product} {ergonomic}
     uint G1ConcRefinementThreads                  = 8                                         {product} {ergonomic}
   size_t G1HeapRegionSize                         = 1048576                                   {product} {ergonomic}
    uintx GCDrainStackTargetSize                   = 64                                        {product} {ergonomic}
   size_t InitialHeapSize                          = 132120576                                 {product} {ergonomic}
   size_t MarkStackSize                            = 4194304                                   {product} {ergonomic}
   size_t MaxHeapSize                              = 2107637760                                {product} {ergonomic}
   size_t MinHeapDeltaBytes                        = 1048576                                   {product} {ergonomic}
   size_t MinHeapSize                              = 8388608                                   {product} {ergonomic}
    uintx NonNMethodCodeHeapSize                   = 5839372                                {pd product} {ergonomic}
    uintx NonProfiledCodeHeapSize                  = 122909434                              {pd product} {ergonomic}
    uintx ProfiledCodeHeapSize                     = 122909434                              {pd product} {ergonomic}
    uintx ReservedCodeCacheSize                    = 251658240                              {pd product} {ergonomic}
     bool SegmentedCodeCache                       = true                                      {product} {ergonomic}
     bool ShowCodeDetailsInExceptionMessages       = true                                   {manageable} {command line}
   size_t SoftMaxHeapSize                          = 2107637760                             {manageable} {ergonomic}
     bool UseCompressedClassPointers               = true                           {product lp64_product} {ergonomic}
     bool UseCompressedOops                        = true                           {product lp64_product} {ergonomic}
     bool UseG1GC                                  = true                                      {product} {ergonomic}
     bool UseLargePagesIndividualAllocation        = false                                  {pd product} {ergonomic}

Logging:
Log output configuration:
 #0: stdout all=warning uptime,level,tags
 #1: stderr all=off uptime,level,tags

Environment Variables:
JAVA_HOME=C:\Program Files\Java\jdk-17.0.2
PATH=C:/Eclipse/Eclipse/eclipse//plugins/org.eclipse.justj.openjdk.hotspot.jre.full.win32.x86_64_17.0.1.v20211116-1657/jre/bin/server;C:/Eclipse/Eclipse/eclipse//plugins/org.eclipse.justj.openjdk.hotspot.jre.full.win32.x86_64_17.0.1.v20211116-1657/jre/bin;C:\Program Files\Java\jdk-17.0.2\bin;C:\Program Files (x86)\Common Files\Oracle\Java\javapath;C:\WINDOWS\system32;C:\WINDOWS;C:\WINDOWS\System32\Wbem;C:\WINDOWS\System32\WindowsPowerShell\v1.0\;C:\WINDOWS\System32\OpenSSH\;C:\Program Files\Microsoft VS Code\bin;C:\Program Files\nodejs\;C:\Program Files\TortoiseSVN\bin;C:\Users\2000108367\AppData\Local\Microsoft\WindowsApps;C:\Users\2000108367\AppData\Local\Programs\Git\cmd;C:\apache-maven-3.9.8\bin;C:\Eclipse\Eclipse\eclipse;
USERNAME=2000108367
OS=Windows_NT
PROCESSOR_IDENTIFIER=Intel64 Family 6 Model 142 Stepping 12, GenuineIntel



---------------  S Y S T E M  ---------------

OS:
 Windows 10 , 64 bit Build 19041 (10.0.19041.4717)
OS uptime: 0 days 17:19 hours

CPU: total 8 (initial active 8) (4 cores per cpu, 2 threads per core) family 6 model 142 stepping 12 microcode 0xf8, cx8, cmov, fxsr, ht, mmx, 3dnowpref, sse, sse2, sse3, ssse3, sse4.1, sse4.2, popcnt, lzcnt, tsc, tscinvbit, avx, avx2, aes, erms, clmul, bmi1, bmi2, adx, fma, vzeroupper, clflush, clflushopt

Memory: 4k page, system-wide physical 8038M (1163M free)
TotalPageFile size 9938M (AvailPageFile size 110M)
current process WorkingSet (physical memory assigned to process): 10M, peak: 10M
current process commit charge ("private bytes"): 60M, peak: 186M

vm_info: OpenJDK 64-Bit Server VM (17.0.1+12) for windows-amd64 JRE (17.0.1+12), built on Oct 20 2021 07:42:55 by "" with MS VC++ 16.7 (VS2019)

END.
