#
# There is insufficient memory for the Java Runtime Environment to continue.
# Native memory allocation (malloc) failed to allocate 32744 bytes for ChunkPool::allocate
# Possible reasons:
#   The system is out of physical RAM or swap space
#   The process is running with CompressedOops enabled, and the Java Heap may be blocking the growth of the native heap
# Possible solutions:
#   Reduce memory load on the system
#   Increase physical memory or swap space
#   Check if swap backing store is full
#   Decrease Java heap size (-Xmx/-Xms)
#   Decrease number of Java threads
#   Decrease Java thread stack sizes (-Xss)
#   Set larger code cache with -XX:ReservedCodeCacheSize=
#   JVM is running with Unscaled Compressed Oops mode in which the Java heap is
#     placed in the first 4GB address space. The Java Heap base address is the
#     maximum limit for the native heap growth. Please use -XX:HeapBaseMinAddress
#     to set the Java Heap base and to place the Java Heap above 4GB virtual address.
# This output file may be truncated or incomplete.
#
#  Out of Memory Error (arena.cpp:78), pid=10096, tid=11044
#
# JRE version: OpenJDK Runtime Environment Temurin-17.0.1+12 (17.0.1+12) (build 17.0.1+12)
# Java VM: OpenJDK 64-Bit Server VM Temurin-17.0.1+12 (17.0.1+12, mixed mode, tiered, compressed oops, compressed class ptrs, g1 gc, windows-amd64)
# No core dump will be written. Minidumps are not enabled by default on client versions of Windows
#

---------------  S U M M A R Y ------------

Command Line: -Dfile.encoding=UTF-8 -XX:+ShowCodeDetailsInExceptionMessages com.example.library_management.LibraryManagementApplication

Host: Intel(R) Core(TM) i5-8265U CPU @ 1.60GHz, 8 cores, 7G,  Windows 10 , 64 bit Build 19041 (10.0.19041.4717)
Time: Fri Nov 15 12:25:04 2024 India Standard Time elapsed time: 0.433912 seconds (0d 0h 0m 0s)

---------------  T H R E A D  ---------------

Current thread (0x000001c31411b950):  JavaThread "C2 CompilerThread0" daemon [_thread_in_native, id=11044, stack(0x00000068b1b00000,0x00000068b1c00000)]


Current CompileTask:
C2:    434  520       4       java.util.concurrent.ConcurrentHashMap::casTabAt (21 bytes)

Stack: [0x00000068b1b00000,0x00000068b1c00000]
Native frames: (J=compiled Java code, j=interpreted, Vv=VM code, C=native code)
V  [jvm.dll+0x6744da]
V  [jvm.dll+0x82e144]
V  [jvm.dll+0x82f8ee]
V  [jvm.dll+0x82ff53]
V  [jvm.dll+0x245175]
V  [jvm.dll+0xabaa0]
V  [jvm.dll+0xabdec]
V  [jvm.dll+0x362eb2]
V  [jvm.dll+0x32d4c1]
V  [jvm.dll+0x32c96a]
V  [jvm.dll+0x218031]
V  [jvm.dll+0x217451]
V  [jvm.dll+0x1a355d]
V  [jvm.dll+0x226e38]
V  [jvm.dll+0x224f7c]
V  [jvm.dll+0x7e3f5b]
V  [jvm.dll+0x7de51a]
V  [jvm.dll+0x673305]
C  [ucrtbase.dll+0x21bb2]
C  [KERNEL32.DLL+0x17374]
C  [ntdll.dll+0x4cc91]


---------------  P R O C E S S  ---------------

Threads class SMR info:
_java_thread_list=0x000001c3142bc0d0, length=13, elements={
0x000001c3797f4be0, 0x000001c31377bbc0, 0x000001c31377cab0, 0x000001c3137a6460,
0x000001c3137c4420, 0x000001c3137c4ce0, 0x000001c31411ad60, 0x000001c31411b950,
0x000001c31411d750, 0x000001c314130910, 0x000001c314297610, 0x000001c3142af010,
0x000001c3142b4970
}

Java Threads: ( => current thread )
  0x000001c3797f4be0 JavaThread "main" [_thread_in_vm, id=3708, stack(0x00000068b0e00000,0x00000068b0f00000)]
  0x000001c31377bbc0 JavaThread "Reference Handler" daemon [_thread_blocked, id=1712, stack(0x00000068b1500000,0x00000068b1600000)]
  0x000001c31377cab0 JavaThread "Finalizer" daemon [_thread_blocked, id=14144, stack(0x00000068b1600000,0x00000068b1700000)]
  0x000001c3137a6460 JavaThread "Signal Dispatcher" daemon [_thread_blocked, id=9440, stack(0x00000068b1700000,0x00000068b1800000)]
  0x000001c3137c4420 JavaThread "Attach Listener" daemon [_thread_blocked, id=6164, stack(0x00000068b1800000,0x00000068b1900000)]
  0x000001c3137c4ce0 JavaThread "Service Thread" daemon [_thread_blocked, id=10500, stack(0x00000068b1900000,0x00000068b1a00000)]
  0x000001c31411ad60 JavaThread "Monitor Deflation Thread" daemon [_thread_blocked, id=16716, stack(0x00000068b1a00000,0x00000068b1b00000)]
=>0x000001c31411b950 JavaThread "C2 CompilerThread0" daemon [_thread_in_native, id=11044, stack(0x00000068b1b00000,0x00000068b1c00000)]
  0x000001c31411d750 JavaThread "C1 CompilerThread0" daemon [_thread_in_native, id=13036, stack(0x00000068b1c00000,0x00000068b1d00000)]
  0x000001c314130910 JavaThread "Sweeper thread" daemon [_thread_blocked, id=15204, stack(0x00000068b1d00000,0x00000068b1e00000)]
  0x000001c314297610 JavaThread "Notification Thread" daemon [_thread_blocked, id=18344, stack(0x00000068b1e00000,0x00000068b1f00000)]
  0x000001c3142af010 JavaThread "Common-Cleaner" daemon [_thread_blocked, id=14816, stack(0x00000068b2000000,0x00000068b2100000)]
  0x000001c3142b4970 JavaThread "C2 CompilerThread1" daemon [_thread_in_native, id=6376, stack(0x00000068b2100000,0x00000068b2200000)]

Other Threads:
  0x000001c313798a50 VMThread "VM Thread" [stack: 0x00000068b1400000,0x00000068b1500000] [id=13984]
  0x000001c314299af0 WatcherThread [stack: 0x00000068b1f00000,0x00000068b2000000] [id=15048]
  0x000001c379834e50 GCTaskThread "GC Thread#0" [stack: 0x00000068b0f00000,0x00000068b1000000] [id=12620]
  0x000001c3798458d0 ConcurrentGCThread "G1 Main Marker" [stack: 0x00000068b1000000,0x00000068b1100000] [id=17788]
  0x000001c379846a80 ConcurrentGCThread "G1 Conc#0" [stack: 0x00000068b1100000,0x00000068b1200000] [id=13480]
  0x000001c3798b4260 ConcurrentGCThread "G1 Refine#0" [stack: 0x00000068b1200000,0x00000068b1300000] [id=14292]
  0x000001c3798b4b80 ConcurrentGCThread "G1 Service" [stack: 0x00000068b1300000,0x00000068b1400000] [id=2336]

Threads with active compile tasks:
C2 CompilerThread0      457  520       4       java.util.concurrent.ConcurrentHashMap::casTabAt (21 bytes)
C1 CompilerThread0      457  509       3       java.net.URLStreamHandler::parseURL (1201 bytes)
C2 CompilerThread1      457  521   !   4       java.util.zip.ZipFile$Source::getEntryPos (173 bytes)

VM state: not at safepoint (normal execution)

VM Mutex/Monitor currently owned by a thread:  ([mutex/lock_event])
[0x000001c3797e0100] Metaspace_lock - owner thread: 0x000001c3797f4be0

Heap address: 0x0000000082600000, size: 2010 MB, Compressed Oops mode: 32-bit

CDS archive(s) not mapped
Compressed class space mapped at: 0x0000000100000000-0x0000000140000000, reserved size: 1073741824
Narrow klass base: 0x0000000000000000, Narrow klass shift: 3, Narrow klass range: 0x140000000

GC Precious Log:
 CPUs: 8 total, 8 available
 Memory: 8038M
 Large Page Support: Disabled
 NUMA Support: Disabled
 Compressed Oops: Enabled (32-bit)
 Heap Region Size: 1M
 Heap Min Capacity: 8M
 Heap Initial Capacity: 126M
 Heap Max Capacity: 2010M
 Pre-touch: Disabled
 Parallel Workers: 8
 Concurrent Workers: 2
 Concurrent Refinement Workers: 8
 Periodic GC: Disabled

Heap:
 garbage-first heap   total 129024K, used 10240K [0x0000000082600000, 0x0000000100000000)
  region size 1024K, 10 young (10240K), 0 survivors (0K)
 Metaspace       used 8019K, committed 8192K, reserved 1056768K
  class space    used 694K, committed 768K, reserved 1048576K

Heap Regions: E=young(eden), S=young(survivor), O=old, HS=humongous(starts), HC=humongous(continues), CS=collection set, F=free, OA=open archive, CA=closed archive, TAMS=top-at-mark-start (previous, next)
|   0|0x0000000082600000, 0x0000000082700000, 0x0000000082700000|100%|HS|  |TAMS 0x0000000082600000, 0x0000000082600000| Complete 
|   1|0x0000000082700000, 0x0000000082700000, 0x0000000082800000|  0%| F|  |TAMS 0x0000000082700000, 0x0000000082700000| Untracked 
|   2|0x0000000082800000, 0x0000000082800000, 0x0000000082900000|  0%| F|  |TAMS 0x0000000082800000, 0x0000000082800000| Untracked 
|   3|0x0000000082900000, 0x0000000082900000, 0x0000000082a00000|  0%| F|  |TAMS 0x0000000082900000, 0x0000000082900000| Untracked 
|   4|0x0000000082a00000, 0x0000000082a00000, 0x0000000082b00000|  0%| F|  |TAMS 0x0000000082a00000, 0x0000000082a00000| Untracked 
|   5|0x0000000082b00000, 0x0000000082b00000, 0x0000000082c00000|  0%| F|  |TAMS 0x0000000082b00000, 0x0000000082b00000| Untracked 
|   6|0x0000000082c00000, 0x0000000082c00000, 0x0000000082d00000|  0%| F|  |TAMS 0x0000000082c00000, 0x0000000082c00000| Untracked 
|   7|0x0000000082d00000, 0x0000000082d00000, 0x0000000082e00000|  0%| F|  |TAMS 0x0000000082d00000, 0x0000000082d00000| Untracked 
|   8|0x0000000082e00000, 0x0000000082e00000, 0x0000000082f00000|  0%| F|  |TAMS 0x0000000082e00000, 0x0000000082e00000| Untracked 
|   9|0x0000000082f00000, 0x0000000082f00000, 0x0000000083000000|  0%| F|  |TAMS 0x0000000082f00000, 0x0000000082f00000| Untracked 
|  10|0x0000000083000000, 0x0000000083000000, 0x0000000083100000|  0%| F|  |TAMS 0x0000000083000000, 0x0000000083000000| Untracked 
|  11|0x0000000083100000, 0x0000000083100000, 0x0000000083200000|  0%| F|  |TAMS 0x0000000083100000, 0x0000000083100000| Untracked 
|  12|0x0000000083200000, 0x0000000083200000, 0x0000000083300000|  0%| F|  |TAMS 0x0000000083200000, 0x0000000083200000| Untracked 
|  13|0x0000000083300000, 0x0000000083300000, 0x0000000083400000|  0%| F|  |TAMS 0x0000000083300000, 0x0000000083300000| Untracked 
|  14|0x0000000083400000, 0x0000000083400000, 0x0000000083500000|  0%| F|  |TAMS 0x0000000083400000, 0x0000000083400000| Untracked 
|  15|0x0000000083500000, 0x0000000083500000, 0x0000000083600000|  0%| F|  |TAMS 0x0000000083500000, 0x0000000083500000| Untracked 
|  16|0x0000000083600000, 0x0000000083600000, 0x0000000083700000|  0%| F|  |TAMS 0x0000000083600000, 0x0000000083600000| Untracked 
|  17|0x0000000083700000, 0x0000000083700000, 0x0000000083800000|  0%| F|  |TAMS 0x0000000083700000, 0x0000000083700000| Untracked 
|  18|0x0000000083800000, 0x0000000083800000, 0x0000000083900000|  0%| F|  |TAMS 0x0000000083800000, 0x0000000083800000| Untracked 
|  19|0x0000000083900000, 0x0000000083900000, 0x0000000083a00000|  0%| F|  |TAMS 0x0000000083900000, 0x0000000083900000| Untracked 
|  20|0x0000000083a00000, 0x0000000083a00000, 0x0000000083b00000|  0%| F|  |TAMS 0x0000000083a00000, 0x0000000083a00000| Untracked 
|  21|0x0000000083b00000, 0x0000000083b00000, 0x0000000083c00000|  0%| F|  |TAMS 0x0000000083b00000, 0x0000000083b00000| Untracked 
|  22|0x0000000083c00000, 0x0000000083c00000, 0x0000000083d00000|  0%| F|  |TAMS 0x0000000083c00000, 0x0000000083c00000| Untracked 
|  23|0x0000000083d00000, 0x0000000083d00000, 0x0000000083e00000|  0%| F|  |TAMS 0x0000000083d00000, 0x0000000083d00000| Untracked 
|  24|0x0000000083e00000, 0x0000000083e00000, 0x0000000083f00000|  0%| F|  |TAMS 0x0000000083e00000, 0x0000000083e00000| Untracked 
|  25|0x0000000083f00000, 0x0000000083f00000, 0x0000000084000000|  0%| F|  |TAMS 0x0000000083f00000, 0x0000000083f00000| Untracked 
|  26|0x0000000084000000, 0x0000000084000000, 0x0000000084100000|  0%| F|  |TAMS 0x0000000084000000, 0x0000000084000000| Untracked 
|  27|0x0000000084100000, 0x0000000084100000, 0x0000000084200000|  0%| F|  |TAMS 0x0000000084100000, 0x0000000084100000| Untracked 
|  28|0x0000000084200000, 0x0000000084200000, 0x0000000084300000|  0%| F|  |TAMS 0x0000000084200000, 0x0000000084200000| Untracked 
|  29|0x0000000084300000, 0x0000000084300000, 0x0000000084400000|  0%| F|  |TAMS 0x0000000084300000, 0x0000000084300000| Untracked 
|  30|0x0000000084400000, 0x0000000084400000, 0x0000000084500000|  0%| F|  |TAMS 0x0000000084400000, 0x0000000084400000| Untracked 
|  31|0x0000000084500000, 0x0000000084500000, 0x0000000084600000|  0%| F|  |TAMS 0x0000000084500000, 0x0000000084500000| Untracked 
|  32|0x0000000084600000, 0x0000000084600000, 0x0000000084700000|  0%| F|  |TAMS 0x0000000084600000, 0x0000000084600000| Untracked 
|  33|0x0000000084700000, 0x0000000084700000, 0x0000000084800000|  0%| F|  |TAMS 0x0000000084700000, 0x0000000084700000| Untracked 
|  34|0x0000000084800000, 0x0000000084800000, 0x0000000084900000|  0%| F|  |TAMS 0x0000000084800000, 0x0000000084800000| Untracked 
|  35|0x0000000084900000, 0x0000000084900000, 0x0000000084a00000|  0%| F|  |TAMS 0x0000000084900000, 0x0000000084900000| Untracked 
|  36|0x0000000084a00000, 0x0000000084a00000, 0x0000000084b00000|  0%| F|  |TAMS 0x0000000084a00000, 0x0000000084a00000| Untracked 
|  37|0x0000000084b00000, 0x0000000084b00000, 0x0000000084c00000|  0%| F|  |TAMS 0x0000000084b00000, 0x0000000084b00000| Untracked 
|  38|0x0000000084c00000, 0x0000000084c00000, 0x0000000084d00000|  0%| F|  |TAMS 0x0000000084c00000, 0x0000000084c00000| Untracked 
|  39|0x0000000084d00000, 0x0000000084d00000, 0x0000000084e00000|  0%| F|  |TAMS 0x0000000084d00000, 0x0000000084d00000| Untracked 
|  40|0x0000000084e00000, 0x0000000084e00000, 0x0000000084f00000|  0%| F|  |TAMS 0x0000000084e00000, 0x0000000084e00000| Untracked 
|  41|0x0000000084f00000, 0x0000000084f00000, 0x0000000085000000|  0%| F|  |TAMS 0x0000000084f00000, 0x0000000084f00000| Untracked 
|  42|0x0000000085000000, 0x0000000085000000, 0x0000000085100000|  0%| F|  |TAMS 0x0000000085000000, 0x0000000085000000| Untracked 
|  43|0x0000000085100000, 0x0000000085100000, 0x0000000085200000|  0%| F|  |TAMS 0x0000000085100000, 0x0000000085100000| Untracked 
|  44|0x0000000085200000, 0x0000000085200000, 0x0000000085300000|  0%| F|  |TAMS 0x0000000085200000, 0x0000000085200000| Untracked 
|  45|0x0000000085300000, 0x0000000085300000, 0x0000000085400000|  0%| F|  |TAMS 0x0000000085300000, 0x0000000085300000| Untracked 
|  46|0x0000000085400000, 0x0000000085400000, 0x0000000085500000|  0%| F|  |TAMS 0x0000000085400000, 0x0000000085400000| Untracked 
|  47|0x0000000085500000, 0x0000000085500000, 0x0000000085600000|  0%| F|  |TAMS 0x0000000085500000, 0x0000000085500000| Untracked 
|  48|0x0000000085600000, 0x0000000085600000, 0x0000000085700000|  0%| F|  |TAMS 0x0000000085600000, 0x0000000085600000| Untracked 
|  49|0x0000000085700000, 0x0000000085700000, 0x0000000085800000|  0%| F|  |TAMS 0x0000000085700000, 0x0000000085700000| Untracked 
|  50|0x0000000085800000, 0x0000000085800000, 0x0000000085900000|  0%| F|  |TAMS 0x0000000085800000, 0x0000000085800000| Untracked 
|  51|0x0000000085900000, 0x0000000085900000, 0x0000000085a00000|  0%| F|  |TAMS 0x0000000085900000, 0x0000000085900000| Untracked 
|  52|0x0000000085a00000, 0x0000000085a00000, 0x0000000085b00000|  0%| F|  |TAMS 0x0000000085a00000, 0x0000000085a00000| Untracked 
|  53|0x0000000085b00000, 0x0000000085b00000, 0x0000000085c00000|  0%| F|  |TAMS 0x0000000085b00000, 0x0000000085b00000| Untracked 
|  54|0x0000000085c00000, 0x0000000085c00000, 0x0000000085d00000|  0%| F|  |TAMS 0x0000000085c00000, 0x0000000085c00000| Untracked 
|  55|0x0000000085d00000, 0x0000000085d00000, 0x0000000085e00000|  0%| F|  |TAMS 0x0000000085d00000, 0x0000000085d00000| Untracked 
|  56|0x0000000085e00000, 0x0000000085e00000, 0x0000000085f00000|  0%| F|  |TAMS 0x0000000085e00000, 0x0000000085e00000| Untracked 
|  57|0x0000000085f00000, 0x0000000085f00000, 0x0000000086000000|  0%| F|  |TAMS 0x0000000085f00000, 0x0000000085f00000| Untracked 
|  58|0x0000000086000000, 0x0000000086000000, 0x0000000086100000|  0%| F|  |TAMS 0x0000000086000000, 0x0000000086000000| Untracked 
|  59|0x0000000086100000, 0x0000000086100000, 0x0000000086200000|  0%| F|  |TAMS 0x0000000086100000, 0x0000000086100000| Untracked 
|  60|0x0000000086200000, 0x0000000086200000, 0x0000000086300000|  0%| F|  |TAMS 0x0000000086200000, 0x0000000086200000| Untracked 
|  61|0x0000000086300000, 0x0000000086300000, 0x0000000086400000|  0%| F|  |TAMS 0x0000000086300000, 0x0000000086300000| Untracked 
|  62|0x0000000086400000, 0x0000000086400000, 0x0000000086500000|  0%| F|  |TAMS 0x0000000086400000, 0x0000000086400000| Untracked 
|  63|0x0000000086500000, 0x0000000086500000, 0x0000000086600000|  0%| F|  |TAMS 0x0000000086500000, 0x0000000086500000| Untracked 
|  64|0x0000000086600000, 0x0000000086600000, 0x0000000086700000|  0%| F|  |TAMS 0x0000000086600000, 0x0000000086600000| Untracked 
|  65|0x0000000086700000, 0x0000000086700000, 0x0000000086800000|  0%| F|  |TAMS 0x0000000086700000, 0x0000000086700000| Untracked 
|  66|0x0000000086800000, 0x0000000086800000, 0x0000000086900000|  0%| F|  |TAMS 0x0000000086800000, 0x0000000086800000| Untracked 
|  67|0x0000000086900000, 0x0000000086900000, 0x0000000086a00000|  0%| F|  |TAMS 0x0000000086900000, 0x0000000086900000| Untracked 
|  68|0x0000000086a00000, 0x0000000086a00000, 0x0000000086b00000|  0%| F|  |TAMS 0x0000000086a00000, 0x0000000086a00000| Untracked 
|  69|0x0000000086b00000, 0x0000000086b00000, 0x0000000086c00000|  0%| F|  |TAMS 0x0000000086b00000, 0x0000000086b00000| Untracked 
|  70|0x0000000086c00000, 0x0000000086c00000, 0x0000000086d00000|  0%| F|  |TAMS 0x0000000086c00000, 0x0000000086c00000| Untracked 
|  71|0x0000000086d00000, 0x0000000086d00000, 0x0000000086e00000|  0%| F|  |TAMS 0x0000000086d00000, 0x0000000086d00000| Untracked 
|  72|0x0000000086e00000, 0x0000000086e00000, 0x0000000086f00000|  0%| F|  |TAMS 0x0000000086e00000, 0x0000000086e00000| Untracked 
|  73|0x0000000086f00000, 0x0000000086f00000, 0x0000000087000000|  0%| F|  |TAMS 0x0000000086f00000, 0x0000000086f00000| Untracked 
|  74|0x0000000087000000, 0x0000000087000000, 0x0000000087100000|  0%| F|  |TAMS 0x0000000087000000, 0x0000000087000000| Untracked 
|  75|0x0000000087100000, 0x0000000087100000, 0x0000000087200000|  0%| F|  |TAMS 0x0000000087100000, 0x0000000087100000| Untracked 
|  76|0x0000000087200000, 0x0000000087200000, 0x0000000087300000|  0%| F|  |TAMS 0x0000000087200000, 0x0000000087200000| Untracked 
|  77|0x0000000087300000, 0x0000000087300000, 0x0000000087400000|  0%| F|  |TAMS 0x0000000087300000, 0x0000000087300000| Untracked 
|  78|0x0000000087400000, 0x0000000087400000, 0x0000000087500000|  0%| F|  |TAMS 0x0000000087400000, 0x0000000087400000| Untracked 
|  79|0x0000000087500000, 0x0000000087500000, 0x0000000087600000|  0%| F|  |TAMS 0x0000000087500000, 0x0000000087500000| Untracked 
|  80|0x0000000087600000, 0x0000000087600000, 0x0000000087700000|  0%| F|  |TAMS 0x0000000087600000, 0x0000000087600000| Untracked 
|  81|0x0000000087700000, 0x0000000087700000, 0x0000000087800000|  0%| F|  |TAMS 0x0000000087700000, 0x0000000087700000| Untracked 
|  82|0x0000000087800000, 0x0000000087800000, 0x0000000087900000|  0%| F|  |TAMS 0x0000000087800000, 0x0000000087800000| Untracked 
|  83|0x0000000087900000, 0x0000000087900000, 0x0000000087a00000|  0%| F|  |TAMS 0x0000000087900000, 0x0000000087900000| Untracked 
|  84|0x0000000087a00000, 0x0000000087a00000, 0x0000000087b00000|  0%| F|  |TAMS 0x0000000087a00000, 0x0000000087a00000| Untracked 
|  85|0x0000000087b00000, 0x0000000087b00000, 0x0000000087c00000|  0%| F|  |TAMS 0x0000000087b00000, 0x0000000087b00000| Untracked 
|  86|0x0000000087c00000, 0x0000000087c00000, 0x0000000087d00000|  0%| F|  |TAMS 0x0000000087c00000, 0x0000000087c00000| Untracked 
|  87|0x0000000087d00000, 0x0000000087d00000, 0x0000000087e00000|  0%| F|  |TAMS 0x0000000087d00000, 0x0000000087d00000| Untracked 
|  88|0x0000000087e00000, 0x0000000087e00000, 0x0000000087f00000|  0%| F|  |TAMS 0x0000000087e00000, 0x0000000087e00000| Untracked 
|  89|0x0000000087f00000, 0x0000000087f00000, 0x0000000088000000|  0%| F|  |TAMS 0x0000000087f00000, 0x0000000087f00000| Untracked 
|  90|0x0000000088000000, 0x0000000088000000, 0x0000000088100000|  0%| F|  |TAMS 0x0000000088000000, 0x0000000088000000| Untracked 
|  91|0x0000000088100000, 0x0000000088100000, 0x0000000088200000|  0%| F|  |TAMS 0x0000000088100000, 0x0000000088100000| Untracked 
|  92|0x0000000088200000, 0x0000000088200000, 0x0000000088300000|  0%| F|  |TAMS 0x0000000088200000, 0x0000000088200000| Untracked 
|  93|0x0000000088300000, 0x0000000088300000, 0x0000000088400000|  0%| F|  |TAMS 0x0000000088300000, 0x0000000088300000| Untracked 
|  94|0x0000000088400000, 0x0000000088400000, 0x0000000088500000|  0%| F|  |TAMS 0x0000000088400000, 0x0000000088400000| Untracked 
|  95|0x0000000088500000, 0x0000000088500000, 0x0000000088600000|  0%| F|  |TAMS 0x0000000088500000, 0x0000000088500000| Untracked 
|  96|0x0000000088600000, 0x0000000088600000, 0x0000000088700000|  0%| F|  |TAMS 0x0000000088600000, 0x0000000088600000| Untracked 
|  97|0x0000000088700000, 0x0000000088700000, 0x0000000088800000|  0%| F|  |TAMS 0x0000000088700000, 0x0000000088700000| Untracked 
|  98|0x0000000088800000, 0x0000000088800000, 0x0000000088900000|  0%| F|  |TAMS 0x0000000088800000, 0x0000000088800000| Untracked 
|  99|0x0000000088900000, 0x0000000088900000, 0x0000000088a00000|  0%| F|  |TAMS 0x0000000088900000, 0x0000000088900000| Untracked 
| 100|0x0000000088a00000, 0x0000000088a00000, 0x0000000088b00000|  0%| F|  |TAMS 0x0000000088a00000, 0x0000000088a00000| Untracked 
| 101|0x0000000088b00000, 0x0000000088b00000, 0x0000000088c00000|  0%| F|  |TAMS 0x0000000088b00000, 0x0000000088b00000| Untracked 
| 102|0x0000000088c00000, 0x0000000088c00000, 0x0000000088d00000|  0%| F|  |TAMS 0x0000000088c00000, 0x0000000088c00000| Untracked 
| 103|0x0000000088d00000, 0x0000000088d00000, 0x0000000088e00000|  0%| F|  |TAMS 0x0000000088d00000, 0x0000000088d00000| Untracked 
| 104|0x0000000088e00000, 0x0000000088e00000, 0x0000000088f00000|  0%| F|  |TAMS 0x0000000088e00000, 0x0000000088e00000| Untracked 
| 105|0x0000000088f00000, 0x0000000088f00000, 0x0000000089000000|  0%| F|  |TAMS 0x0000000088f00000, 0x0000000088f00000| Untracked 
| 106|0x0000000089000000, 0x0000000089000000, 0x0000000089100000|  0%| F|  |TAMS 0x0000000089000000, 0x0000000089000000| Untracked 
| 107|0x0000000089100000, 0x0000000089100000, 0x0000000089200000|  0%| F|  |TAMS 0x0000000089100000, 0x0000000089100000| Untracked 
| 108|0x0000000089200000, 0x0000000089200000, 0x0000000089300000|  0%| F|  |TAMS 0x0000000089200000, 0x0000000089200000| Untracked 
| 109|0x0000000089300000, 0x0000000089300000, 0x0000000089400000|  0%| F|  |TAMS 0x0000000089300000, 0x0000000089300000| Untracked 
| 110|0x0000000089400000, 0x0000000089400000, 0x0000000089500000|  0%| F|  |TAMS 0x0000000089400000, 0x0000000089400000| Untracked 
| 111|0x0000000089500000, 0x0000000089500000, 0x0000000089600000|  0%| F|  |TAMS 0x0000000089500000, 0x0000000089500000| Untracked 
| 112|0x0000000089600000, 0x0000000089600000, 0x0000000089700000|  0%| F|  |TAMS 0x0000000089600000, 0x0000000089600000| Untracked 
| 113|0x0000000089700000, 0x0000000089700000, 0x0000000089800000|  0%| F|  |TAMS 0x0000000089700000, 0x0000000089700000| Untracked 
| 114|0x0000000089800000, 0x0000000089800000, 0x0000000089900000|  0%| F|  |TAMS 0x0000000089800000, 0x0000000089800000| Untracked 
| 115|0x0000000089900000, 0x0000000089900000, 0x0000000089a00000|  0%| F|  |TAMS 0x0000000089900000, 0x0000000089900000| Untracked 
| 116|0x0000000089a00000, 0x0000000089aec660, 0x0000000089b00000| 92%| E|  |TAMS 0x0000000089a00000, 0x0000000089a00000| Complete 
| 117|0x0000000089b00000, 0x0000000089c00000, 0x0000000089c00000|100%| E|CS|TAMS 0x0000000089b00000, 0x0000000089b00000| Complete 
| 118|0x0000000089c00000, 0x0000000089d00000, 0x0000000089d00000|100%| E|CS|TAMS 0x0000000089c00000, 0x0000000089c00000| Complete 
| 119|0x0000000089d00000, 0x0000000089e00000, 0x0000000089e00000|100%| E|CS|TAMS 0x0000000089d00000, 0x0000000089d00000| Complete 
| 120|0x0000000089e00000, 0x0000000089f00000, 0x0000000089f00000|100%| E|CS|TAMS 0x0000000089e00000, 0x0000000089e00000| Complete 
| 121|0x0000000089f00000, 0x000000008a000000, 0x000000008a000000|100%| E|CS|TAMS 0x0000000089f00000, 0x0000000089f00000| Complete 
| 122|0x000000008a000000, 0x000000008a100000, 0x000000008a100000|100%| E|CS|TAMS 0x000000008a000000, 0x000000008a000000| Complete 
| 123|0x000000008a100000, 0x000000008a200000, 0x000000008a200000|100%| E|CS|TAMS 0x000000008a100000, 0x000000008a100000| Complete 
| 124|0x000000008a200000, 0x000000008a300000, 0x000000008a300000|100%| E|CS|TAMS 0x000000008a200000, 0x000000008a200000| Complete 
| 125|0x000000008a300000, 0x000000008a400000, 0x000000008a400000|100%| E|CS|TAMS 0x000000008a300000, 0x000000008a300000| Complete 

Card table byte_map: [0x000001c37d5b0000,0x000001c37d9a0000] _byte_map_base: 0x000001c37d19d000

Marking Bits (Prev, Next): (CMBitMap*) 0x000001c379835460, (CMBitMap*) 0x000001c3798354a0
 Prev Bits: [0x000001c37dd90000, 0x000001c37fcf8000)
 Next Bits: [0x000001c30f000000, 0x000001c310f68000)

Polling page: 0x000001c377690000

Metaspace:

Usage:
  Non-class:      7.15 MB used.
      Class:    694.06 KB used.
       Both:      7.83 MB used.

Virtual space:
  Non-class space:        8.00 MB reserved,       7.25 MB ( 91%) committed,  1 nodes.
      Class space:        1.00 GB reserved,     768.00 KB ( <1%) committed,  1 nodes.
             Both:        1.01 GB reserved,       8.00 MB ( <1%) committed. 

Chunk freelists:
   Non-Class:  752.00 KB
       Class:  3.18 MB
        Both:  3.92 MB

MaxMetaspaceSize: unlimited
CompressedClassSpaceSize: 1.00 GB
Initial GC threshold: 21.00 MB
Current GC threshold: 21.00 MB
CDS: off
MetaspaceReclaimPolicy: balanced
 - commit_granule_bytes: 65536.
 - commit_granule_words: 8192.
 - virtual_space_node_default_size: 1048576.
 - enlarge_chunks_in_place: 1.
 - new_chunks_are_fully_committed: 0.
 - uncommit_free_chunks: 1.
 - use_allocation_guard: 0.
 - handle_deallocations: 1.


Internal statistics:

num_allocs_failed_limit: 0.
num_arena_births: 48.
num_arena_deaths: 0.
num_vsnodes_births: 2.
num_vsnodes_deaths: 0.
num_space_committed: 128.
num_space_uncommitted: 0.
num_chunks_returned_to_freelist: 0.
num_chunks_taken_from_freelist: 94.
num_chunk_merges: 0.
num_chunk_splits: 56.
num_chunks_enlarged: 38.
num_purges: 0.
num_inconsistent_stats: 0.

CodeHeap 'non-profiled nmethods': size=120000Kb used=175Kb max_used=175Kb free=119824Kb
 bounds [0x000001c307ad0000, 0x000001c307d40000, 0x000001c30f000000]
CodeHeap 'profiled nmethods': size=120000Kb used=780Kb max_used=780Kb free=119219Kb
 bounds [0x000001c3005a0000, 0x000001c300810000, 0x000001c307ad0000]
CodeHeap 'non-nmethods': size=5760Kb used=1115Kb max_used=1138Kb free=4644Kb
 bounds [0x000001c300000000, 0x000001c300270000, 0x000001c3005a0000]
 total_blobs=902 nmethods=510 adapters=305
 compilation: enabled
              stopped_count=0, restarted_count=0
 full_count=0

Compilation events (20 events):
Event: 0.392 Thread 0x000001c31411d750 nmethod 484 0x000001c30065dd10 code [0x000001c30065dea0, 0x000001c30065dfb8]
Event: 0.392 Thread 0x000001c31411d750  490       3       java.util.ImmutableCollections$ListN::get (7 bytes)
Event: 0.392 Thread 0x000001c31411d750 nmethod 490 0x000001c30065e090 code [0x000001c30065e220, 0x000001c30065e358]
Event: 0.392 Thread 0x000001c31411d750  498       3       sun.invoke.util.VerifyAccess::isTypeVisible (118 bytes)
Event: 0.394 Thread 0x000001c31411d750 nmethod 498 0x000001c30065e410 code [0x000001c30065e820, 0x000001c3006606d8]
Event: 0.394 Thread 0x000001c31411d750  506       3       jdk.internal.org.objectweb.asm.Frame::push (109 bytes)
Event: 0.394 Thread 0x000001c31411d750 nmethod 506 0x000001c300661010 code [0x000001c3006611e0, 0x000001c300661748]
Event: 0.394 Thread 0x000001c31411d750  504       3       java.util.ImmutableCollections$ListN::size (6 bytes)
Event: 0.394 Thread 0x000001c31411d750 nmethod 504 0x000001c300661910 code [0x000001c300661aa0, 0x000001c300661bb8]
Event: 0.394 Thread 0x000001c31411d750  502       3       java.lang.invoke.MemberName::getReferenceKind (12 bytes)
Event: 0.394 Thread 0x000001c31411d750 nmethod 502 0x000001c300661c90 code [0x000001c300661e20, 0x000001c300661f38]
Event: 0.394 Thread 0x000001c31411d750  500       3       java.lang.invoke.MethodType::equals (56 bytes)
Event: 0.394 Thread 0x000001c31411d750 nmethod 500 0x000001c300662010 code [0x000001c300662240, 0x000001c300662d58]
Event: 0.394 Thread 0x000001c31411d750  501       3       java.lang.invoke.MethodType::equals (31 bytes)
Event: 0.394 Thread 0x000001c31411d750 nmethod 501 0x000001c300662f10 code [0x000001c3006630c0, 0x000001c3006632a8]
Event: 0.394 Thread 0x000001c31411d750  495       1       java.lang.invoke.LambdaForm$Name::type (5 bytes)
Event: 0.395 Thread 0x000001c31411d750 nmethod 495 0x000001c307afb090 code [0x000001c307afb220, 0x000001c307afb2f8]
Event: 0.395 Thread 0x000001c31411d750  509       3       java.net.URLStreamHandler::parseURL (1201 bytes)
Event: 0.396 Thread 0x000001c3142b4970  512       4       java.util.zip.ZipCoder::hash (36 bytes)
Event: 0.400 Thread 0x000001c31411b950  520       4       java.util.concurrent.ConcurrentHashMap::casTabAt (21 bytes)

GC Heap History (0 events):
No events

Deoptimization events (20 events):
Event: 0.318 Thread 0x000001c3797f4be0 DEOPT PACKING pc=0x000001c3005d0456 sp=0x00000068b0efced0
Event: 0.318 Thread 0x000001c3797f4be0 DEOPT UNPACKING pc=0x000001c300052b43 sp=0x00000068b0efc358 mode 0
Event: 0.320 Thread 0x000001c3797f4be0 DEOPT PACKING pc=0x000001c3005d3368 sp=0x00000068b0ef97e0
Event: 0.320 Thread 0x000001c3797f4be0 DEOPT UNPACKING pc=0x000001c300052b43 sp=0x00000068b0ef8c70 mode 0
Event: 0.320 Thread 0x000001c3797f4be0 DEOPT PACKING pc=0x000001c3005d0456 sp=0x00000068b0ef9750
Event: 0.320 Thread 0x000001c3797f4be0 DEOPT UNPACKING pc=0x000001c300052b43 sp=0x00000068b0ef8bd8 mode 0
Event: 0.360 Thread 0x000001c3797f4be0 Uncommon trap: trap_request=0xffffff45 fr.pc=0x000001c307aec5dc relative=0x000000000000023c
Event: 0.360 Thread 0x000001c3797f4be0 Uncommon trap: reason=unstable_if action=reinterpret pc=0x000001c307aec5dc method=java.lang.String.startsWith(Ljava/lang/String;I)Z @ 14 c2
Event: 0.360 Thread 0x000001c3797f4be0 DEOPT PACKING pc=0x000001c307aec5dc sp=0x00000068b0efc1a0
Event: 0.360 Thread 0x000001c3797f4be0 DEOPT UNPACKING pc=0x000001c3000523a3 sp=0x00000068b0efc100 mode 2
Event: 0.363 Thread 0x000001c3797f4be0 DEOPT PACKING pc=0x000001c3005f9f65 sp=0x00000068b0efcce0
Event: 0.363 Thread 0x000001c3797f4be0 DEOPT UNPACKING pc=0x000001c300052b43 sp=0x00000068b0efc158 mode 0
Event: 0.365 Thread 0x000001c3797f4be0 Uncommon trap: trap_request=0xffffff45 fr.pc=0x000001c307aedce8 relative=0x0000000000000248
Event: 0.365 Thread 0x000001c3797f4be0 Uncommon trap: reason=unstable_if action=reinterpret pc=0x000001c307aedce8 method=java.io.BufferedReader.read()I @ 19 c2
Event: 0.365 Thread 0x000001c3797f4be0 DEOPT PACKING pc=0x000001c307aedce8 sp=0x00000068b0efcc30
Event: 0.365 Thread 0x000001c3797f4be0 DEOPT UNPACKING pc=0x000001c3000523a3 sp=0x00000068b0efcb70 mode 2
Event: 0.366 Thread 0x000001c3797f4be0 Uncommon trap: trap_request=0xffffff45 fr.pc=0x000001c307aee37c relative=0x000000000000025c
Event: 0.366 Thread 0x000001c3797f4be0 Uncommon trap: reason=unstable_if action=reinterpret pc=0x000001c307aee37c method=java.io.BufferedReader.read()I @ 19 c2
Event: 0.366 Thread 0x000001c3797f4be0 DEOPT PACKING pc=0x000001c307aee37c sp=0x00000068b0efca90
Event: 0.366 Thread 0x000001c3797f4be0 DEOPT UNPACKING pc=0x000001c3000523a3 sp=0x00000068b0efca40 mode 2

Classes unloaded (0 events):
No events

Classes redefined (0 events):
No events

Internal exceptions (4 events):
Event: 0.362 Thread 0x000001c3797f4be0 Exception <a 'java/lang/ClassNotFoundException'{0x0000000089bf0f40}: javax/smartcardio/CardPermission> (0x0000000089bf0f40) 
thrown [e:\jenkins\tmp\workspace\build\src\src\hotspot\share\classfile\systemDictionary.cpp, line 256]
Event: 0.367 Thread 0x000001c3797f4be0 Exception <a 'java/io/FileNotFoundException'{0x0000000089bff738}> (0x0000000089bff738) 
thrown [e:\jenkins\tmp\workspace\build\src\src\hotspot\share\prims\jni.cpp, line 516]
Event: 0.394 Thread 0x000001c3797f4be0 Exception <a 'java/lang/NoSuchMethodError'{0x0000000089a7fbb0}: 'java.lang.Object java.lang.invoke.DirectMethodHandle$Holder.invokeSpecial(java.lang.Object, java.lang.Object, java.lang.Object, long, java.lang.Object)'> (0x0000000089a7fbb0) 
thrown [e:\jenkins\tmp\workspace\build\src\src\hotspot\share\interpreter\linkResolver.cpp, line 766]
Event: 0.394 Thread 0x000001c3797f4be0 Exception <a 'java/lang/NoSuchMethodError'{0x0000000089a83850}: 'java.lang.Object java.lang.invoke.Invokers$Holder.linkToTargetMethod(java.lang.Object, long, java.lang.Object, java.lang.Object)'> (0x0000000089a83850) 
thrown [e:\jenkins\tmp\workspace\build\src\src\hotspot\share\interpreter\linkResolver.cpp, line 766]

VM Operations (6 events):
Event: 0.200 Executing VM operation: HandshakeAllThreads
Event: 0.200 Executing VM operation: HandshakeAllThreads done
Event: 0.300 Executing VM operation: HandshakeAllThreads
Event: 0.300 Executing VM operation: HandshakeAllThreads done
Event: 0.315 Executing VM operation: HandshakeAllThreads
Event: 0.315 Executing VM operation: HandshakeAllThreads done

Events (20 events):
Event: 0.390 loading class java/lang/invoke/MethodHandles$1
Event: 0.390 loading class java/lang/invoke/MethodHandles$1 done
Event: 0.390 loading class java/lang/invoke/BoundMethodHandle$Species_LJ
Event: 0.390 loading class java/lang/invoke/BoundMethodHandle$Species_LJ done
Event: 0.391 loading class java/lang/invoke/BoundMethodHandle$Species_LLLLLLLL
Event: 0.391 loading class java/lang/invoke/BoundMethodHandle$Species_LLLLLLLL done
Event: 0.392 loading class java/lang/invoke/BoundMethodHandle$Species_LLLLLLLLL
Event: 0.392 loading class java/lang/invoke/BoundMethodHandle$Species_LLLLLLLLL done
Event: 0.393 loading class java/lang/invoke/LambdaFormEditor$1
Event: 0.393 loading class java/lang/invoke/LambdaFormEditor$1 done
Event: 0.393 loading class java/util/TreeMap$EntrySet
Event: 0.393 loading class java/util/TreeMap$EntrySet done
Event: 0.393 loading class java/util/TreeMap$EntryIterator
Event: 0.393 loading class java/util/TreeMap$EntryIterator done
Event: 0.394 loading class java/lang/NoSuchMethodError
Event: 0.394 loading class java/lang/IncompatibleClassChangeError
Event: 0.394 loading class java/lang/IncompatibleClassChangeError done
Event: 0.394 loading class java/lang/NoSuchMethodError done
Event: 0.395 loading class java/net/MalformedURLException
Event: 0.395 loading class java/net/MalformedURLException done


Dynamic libraries:
0x00007ff734770000 - 0x00007ff73477e000 	C:\Eclipse\Eclipse\eclipse\plugins\org.eclipse.justj.openjdk.hotspot.jre.full.win32.x86_64_17.0.1.v20211116-1657\jre\bin\javaw.exe
0x00007ffa6b110000 - 0x00007ffa6b308000 	C:\WINDOWS\SYSTEM32\ntdll.dll
0x00007ffa69c30000 - 0x00007ffa69cf1000 	C:\WINDOWS\System32\KERNEL32.DLL
0x00007ffa68ad0000 - 0x00007ffa68dcd000 	C:\WINDOWS\System32\KERNELBASE.dll
0x00007ffa68870000 - 0x00007ffa68970000 	C:\WINDOWS\System32\ucrtbase.dll
0x00007ffa5d140000 - 0x00007ffa5d158000 	C:\Eclipse\Eclipse\eclipse\plugins\org.eclipse.justj.openjdk.hotspot.jre.full.win32.x86_64_17.0.1.v20211116-1657\jre\bin\jli.dll
0x00007ffa5cf00000 - 0x00007ffa5cf19000 	C:\Eclipse\Eclipse\eclipse\plugins\org.eclipse.justj.openjdk.hotspot.jre.full.win32.x86_64_17.0.1.v20211116-1657\jre\bin\VCRUNTIME140.dll
0x00007ffa69d00000 - 0x00007ffa69e9d000 	C:\WINDOWS\System32\USER32.dll
0x00007ffa47a70000 - 0x00007ffa47d0a000 	C:\WINDOWS\WinSxS\amd64_microsoft.windows.common-controls_6595b64144ccf1df_6.0.19041.4355_none_60b8b9eb71f62e16\COMCTL32.dll
0x00007ffa68fb0000 - 0x00007ffa68fd2000 	C:\WINDOWS\System32\win32u.dll
0x00007ffa69260000 - 0x00007ffa692fe000 	C:\WINDOWS\System32\msvcrt.dll
0x00007ffa6a9d0000 - 0x00007ffa6a9fb000 	C:\WINDOWS\System32\GDI32.dll
0x00007ffa68dd0000 - 0x00007ffa68ee7000 	C:\WINDOWS\System32\gdi32full.dll
0x00007ffa68970000 - 0x00007ffa68a0d000 	C:\WINDOWS\System32\msvcp_win.dll
0x00007ffa69460000 - 0x00007ffa6948f000 	C:\WINDOWS\System32\IMM32.DLL
0x000001c3776b0000 - 0x000001c3776c4000 	C:\WINDOWS\System32\umppc18721.dll
0x00007ffa5cef0000 - 0x00007ffa5cefc000 	C:\Eclipse\Eclipse\eclipse\plugins\org.eclipse.justj.openjdk.hotspot.jre.full.win32.x86_64_17.0.1.v20211116-1657\jre\bin\vcruntime140_1.dll
0x00007ffa1d9f0000 - 0x00007ffa1da81000 	C:\Eclipse\Eclipse\eclipse\plugins\org.eclipse.justj.openjdk.hotspot.jre.full.win32.x86_64_17.0.1.v20211116-1657\jre\bin\msvcp140.dll
0x00007ff9cb2c0000 - 0x00007ff9cbf06000 	C:\Eclipse\Eclipse\eclipse\plugins\org.eclipse.justj.openjdk.hotspot.jre.full.win32.x86_64_17.0.1.v20211116-1657\jre\bin\server\jvm.dll
0x00007ffa698e0000 - 0x00007ffa69990000 	C:\WINDOWS\System32\ADVAPI32.dll
0x00007ffa693c0000 - 0x00007ffa69460000 	C:\WINDOWS\System32\sechost.dll
0x00007ffa69490000 - 0x00007ffa695b3000 	C:\WINDOWS\System32\RPCRT4.dll
0x00007ffa68a10000 - 0x00007ffa68a37000 	C:\WINDOWS\System32\bcrypt.dll
0x00007ffa698c0000 - 0x00007ffa698c8000 	C:\WINDOWS\System32\PSAPI.DLL
0x00007ffa493a0000 - 0x00007ffa493a9000 	C:\WINDOWS\SYSTEM32\WSOCK32.dll
0x00007ffa69990000 - 0x00007ffa699fb000 	C:\WINDOWS\System32\WS2_32.dll
0x00007ffa4af30000 - 0x00007ffa4af57000 	C:\WINDOWS\SYSTEM32\WINMM.dll
0x00007ffa5ed40000 - 0x00007ffa5ed4a000 	C:\WINDOWS\SYSTEM32\VERSION.dll
0x00007ffa66c70000 - 0x00007ffa66c82000 	C:\WINDOWS\SYSTEM32\kernel.appcore.dll
0x00007ffa60d40000 - 0x00007ffa60d4a000 	C:\Eclipse\Eclipse\eclipse\plugins\org.eclipse.justj.openjdk.hotspot.jre.full.win32.x86_64_17.0.1.v20211116-1657\jre\bin\jimage.dll
0x00007ffa63030000 - 0x00007ffa63214000 	C:\WINDOWS\SYSTEM32\DBGHELP.DLL
0x00007ffa5ae80000 - 0x00007ffa5aeb4000 	C:\WINDOWS\SYSTEM32\dbgcore.DLL
0x00007ffa68a40000 - 0x00007ffa68ac2000 	C:\WINDOWS\System32\bcryptPrimitives.dll
0x00007ffa5e9c0000 - 0x00007ffa5e9e5000 	C:\Eclipse\Eclipse\eclipse\plugins\org.eclipse.justj.openjdk.hotspot.jre.full.win32.x86_64_17.0.1.v20211116-1657\jre\bin\java.dll
0x00007ffa5d120000 - 0x00007ffa5d138000 	C:\Eclipse\Eclipse\eclipse\plugins\org.eclipse.justj.openjdk.hotspot.jre.full.win32.x86_64_17.0.1.v20211116-1657\jre\bin\zip.dll
0x00007ffa69f00000 - 0x00007ffa6a66f000 	C:\WINDOWS\System32\SHELL32.dll
0x00007ffa661a0000 - 0x00007ffa6693f000 	C:\WINDOWS\SYSTEM32\windows.storage.dll
0x00007ffa6a670000 - 0x00007ffa6a9c3000 	C:\WINDOWS\System32\combase.dll
0x00007ffa68170000 - 0x00007ffa6819e000 	C:\WINDOWS\SYSTEM32\Wldp.dll
0x00007ffa6aa00000 - 0x00007ffa6aacd000 	C:\WINDOWS\System32\OLEAUT32.dll
0x00007ffa69150000 - 0x00007ffa691fd000 	C:\WINDOWS\System32\SHCORE.dll
0x00007ffa69200000 - 0x00007ffa69255000 	C:\WINDOWS\System32\shlwapi.dll
0x00007ffa686f0000 - 0x00007ffa68714000 	C:\WINDOWS\SYSTEM32\profapi.dll
0x00007ffa5cfd0000 - 0x00007ffa5cfe9000 	C:\Eclipse\Eclipse\eclipse\plugins\org.eclipse.justj.openjdk.hotspot.jre.full.win32.x86_64_17.0.1.v20211116-1657\jre\bin\net.dll
0x00007ffa67710000 - 0x00007ffa6781d000 	C:\WINDOWS\SYSTEM32\WINHTTP.dll
0x00007ffa67e70000 - 0x00007ffa67eda000 	C:\WINDOWS\system32\mswsock.dll
0x00007ffa5cfb0000 - 0x00007ffa5cfc5000 	C:\Eclipse\Eclipse\eclipse\plugins\org.eclipse.justj.openjdk.hotspot.jre.full.win32.x86_64_17.0.1.v20211116-1657\jre\bin\nio.dll

dbghelp: loaded successfully - version: 4.0.5 - missing functions: none
symbol engine: initialized successfully - sym options: 0x614 - pdb path: .;C:\Eclipse\Eclipse\eclipse\plugins\org.eclipse.justj.openjdk.hotspot.jre.full.win32.x86_64_17.0.1.v20211116-1657\jre\bin;C:\WINDOWS\SYSTEM32;C:\WINDOWS\WinSxS\amd64_microsoft.windows.common-controls_6595b64144ccf1df_6.0.19041.4355_none_60b8b9eb71f62e16;C:\Eclipse\Eclipse\eclipse\plugins\org.eclipse.justj.openjdk.hotspot.jre.full.win32.x86_64_17.0.1.v20211116-1657\jre\bin\server

VM Arguments:
jvm_args: -Dfile.encoding=UTF-8 -XX:+ShowCodeDetailsInExceptionMessages 
java_command: com.example.library_management.LibraryManagementApplication
java_class_path (initial): C:\Users\2000108367\Downloads\library-management\library-management\target\classes;C:\Users\2000108367\.m2\repository\org\springframework\boot\spring-boot-starter-data-jpa\3.3.4\spring-boot-starter-data-jpa-3.3.4.jar;C:\Users\2000108367\.m2\repository\org\springframework\boot\spring-boot-starter-aop\3.3.4\spring-boot-starter-aop-3.3.4.jar;C:\Users\2000108367\.m2\repository\org\springframework\spring-aop\6.1.13\spring-aop-6.1.13.jar;C:\Users\2000108367\.m2\repository\org\aspectj\aspectjweaver\1.9.22.1\aspectjweaver-1.9.22.1.jar;C:\Users\2000108367\.m2\repository\org\springframework\boot\spring-boot-starter-jdbc\3.3.4\spring-boot-starter-jdbc-3.3.4.jar;C:\Users\2000108367\.m2\repository\com\zaxxer\HikariCP\5.1.0\HikariCP-5.1.0.jar;C:\Users\2000108367\.m2\repository\org\springframework\spring-jdbc\6.1.13\spring-jdbc-6.1.13.jar;C:\Users\2000108367\.m2\repository\org\hibernate\orm\hibernate-core\6.5.3.Final\hibernate-core-6.5.3.Final.jar;C:\Users\2000108367\.m2\repository\jakarta\persistence\jakarta.persistence-api\3.1.0\jakarta.persistence-api-3.1.0.jar;C:\Users\2000108367\.m2\repository\jakarta\transaction\jakarta.transaction-api\2.0.1\jakarta.transaction-api-2.0.1.jar;C:\Users\2000108367\.m2\repository\org\jboss\logging\jboss-logging\3.5.3.Final\jboss-logging-3.5.3.Final.jar;C:\Users\2000108367\.m2\repository\org\hibernate\common\hibernate-commons-annotations\6.0.6.Final\hibernate-commons-annotations-6.0.6.Final.jar;C:\Users\2000108367\.m2\repository\io\smallrye\jandex\3.1.2\jandex-3.1.2.jar;C:\Users\2000108367\.m2\repository\com\fasterxml\classmate\1.7.0\classmate-1.7.0.jar;C:\Users\2000108367\.m2\repository\org\glassfish\jaxb\jaxb-runtime\4.0.5\jaxb-runtime-4.0.5.jar;C:\Users\2000108367\.m2\repository\org\glassfish\jaxb\jaxb-core\4.0.5\jaxb-core-4.0.5.jar;C:\Users\2000108367\.m2\repository\org\eclipse\angus\angus-activation\2.0.2\angus-activation-2.0.2.jar;C:\Users\2000108367\.m2\repository\org\glassfish\jaxb\txw2\4.0.5\txw2-4.0.5.jar;C:
Launcher Type: SUN_STANDARD

[Global flags]
     intx CICompilerCount                          = 4                                         {product} {ergonomic}
     uint ConcGCThreads                            = 2                                         {product} {ergonomic}
     uint G1ConcRefinementThreads                  = 8                                         {product} {ergonomic}
   size_t G1HeapRegionSize                         = 1048576                                   {product} {ergonomic}
    uintx GCDrainStackTargetSize                   = 64                                        {product} {ergonomic}
   size_t InitialHeapSize                          = 132120576                                 {product} {ergonomic}
   size_t MarkStackSize                            = 4194304                                   {product} {ergonomic}
   size_t MaxHeapSize                              = 2107637760                                {product} {ergonomic}
   size_t MaxNewSize                               = 1264582656                                {product} {ergonomic}
   size_t MinHeapDeltaBytes                        = 1048576                                   {product} {ergonomic}
   size_t MinHeapSize                              = 8388608                                   {product} {ergonomic}
    uintx NonNMethodCodeHeapSize                   = 5839372                                {pd product} {ergonomic}
    uintx NonProfiledCodeHeapSize                  = 122909434                              {pd product} {ergonomic}
    uintx ProfiledCodeHeapSize                     = 122909434                              {pd product} {ergonomic}
    uintx ReservedCodeCacheSize                    = 251658240                              {pd product} {ergonomic}
     bool SegmentedCodeCache                       = true                                      {product} {ergonomic}
     bool ShowCodeDetailsInExceptionMessages       = true                                   {manageable} {command line}
   size_t SoftMaxHeapSize                          = 2107637760                             {manageable} {ergonomic}
     bool UseCompressedClassPointers               = true                           {product lp64_product} {ergonomic}
     bool UseCompressedOops                        = true                           {product lp64_product} {ergonomic}
     bool UseG1GC                                  = true                                      {product} {ergonomic}
     bool UseLargePagesIndividualAllocation        = false                                  {pd product} {ergonomic}

Logging:
Log output configuration:
 #0: stdout all=warning uptime,level,tags
 #1: stderr all=off uptime,level,tags

Environment Variables:
JAVA_HOME=C:\Program Files\Java\jdk-17.0.2
PATH=C:/Eclipse/Eclipse/eclipse//plugins/org.eclipse.justj.openjdk.hotspot.jre.full.win32.x86_64_17.0.1.v20211116-1657/jre/bin/server;C:/Eclipse/Eclipse/eclipse//plugins/org.eclipse.justj.openjdk.hotspot.jre.full.win32.x86_64_17.0.1.v20211116-1657/jre/bin;C:\Program Files\Java\jdk-17.0.2\bin;C:\Program Files (x86)\Common Files\Oracle\Java\javapath;C:\WINDOWS\system32;C:\WINDOWS;C:\WINDOWS\System32\Wbem;C:\WINDOWS\System32\WindowsPowerShell\v1.0\;C:\WINDOWS\System32\OpenSSH\;C:\Program Files\Microsoft VS Code\bin;C:\Program Files\nodejs\;C:\Program Files\TortoiseSVN\bin;C:\Users\2000108367\AppData\Local\Microsoft\WindowsApps;C:\Users\2000108367\AppData\Local\Programs\Git\cmd;C:\apache-maven-3.9.8\bin;C:\Eclipse\Eclipse\eclipse;
USERNAME=2000108367
OS=Windows_NT
PROCESSOR_IDENTIFIER=Intel64 Family 6 Model 142 Stepping 12, GenuineIntel



---------------  S Y S T E M  ---------------

OS:
 Windows 10 , 64 bit Build 19041 (10.0.19041.4717)
OS uptime: 0 days 17:11 hours

CPU: total 8 (initial active 8) (4 cores per cpu, 2 threads per core) family 6 model 142 stepping 12 microcode 0xf8, cx8, cmov, fxsr, ht, mmx, 3dnowpref, sse, sse2, sse3, ssse3, sse4.1, sse4.2, popcnt, lzcnt, tsc, tscinvbit, avx, avx2, aes, erms, clmul, bmi1, bmi2, adx, fma, vzeroupper, clflush, clflushopt

Memory: 4k page, system-wide physical 8038M (1068M free)
TotalPageFile size 9938M (AvailPageFile size 4M)
current process WorkingSet (physical memory assigned to process): 52M, peak: 52M
current process commit charge ("private bytes"): 212M, peak: 212M

vm_info: OpenJDK 64-Bit Server VM (17.0.1+12) for windows-amd64 JRE (17.0.1+12), built on Oct 20 2021 07:42:55 by "" with MS VC++ 16.7 (VS2019)

END.
